{"/home/travis/build/npmtest/node-npmtest-react-redux/test.js":{"path":"/home/travis/build/npmtest/node-npmtest-react-redux/test.js","s":{"1":2,"2":2,"3":2,"4":2,"5":2,"6":2,"7":2,"8":1,"9":2,"10":2,"11":1,"12":1,"13":1,"14":1,"15":2,"16":2,"17":2,"18":2,"19":1,"20":1,"21":2,"22":2,"23":2,"24":1,"25":1,"26":1,"27":1,"28":1,"29":1,"30":1,"31":1,"32":1,"33":1,"34":1,"35":1,"36":1,"37":1,"38":1,"39":2,"40":2,"41":1,"42":2,"43":2,"44":1,"45":2,"46":2,"47":1,"48":2,"49":2,"50":1,"51":1,"52":1,"53":1,"54":1},"b":{"1":[2,1,1,1],"2":[1,1,1,1],"3":[1,1],"4":[1,1],"5":[1,1],"6":[1,1],"7":[1,1],"8":[1,1],"9":[1,1],"10":[1,1,1],"11":[1,1],"12":[1,1],"13":[1,1],"14":[1,1],"15":[1,1],"16":[1,1],"17":[1,1]},"f":{"1":2,"2":2,"3":2,"4":2,"5":2,"6":1,"7":1,"8":1,"9":2,"10":2,"11":2,"12":2,"13":1},"fnMap":{"1":{"name":"(anonymous_1)","line":12,"loc":{"start":{"line":12,"column":1},"end":{"line":12,"column":13}}},"2":{"name":"(anonymous_2)","line":19,"loc":{"start":{"line":19,"column":5},"end":{"line":19,"column":17}}},"3":{"name":"(anonymous_3)","line":23,"loc":{"start":{"line":23,"column":24},"end":{"line":23,"column":36}}},"4":{"name":"(anonymous_4)","line":61,"loc":{"start":{"line":61,"column":5},"end":{"line":61,"column":17}}},"5":{"name":"(anonymous_5)","line":82,"loc":{"start":{"line":82,"column":5},"end":{"line":82,"column":17}}},"6":{"name":"(anonymous_6)","line":91,"loc":{"start":{"line":91,"column":77},"end":{"line":94,"column":10}}},"7":{"name":"(anonymous_7)","line":112,"loc":{"start":{"line":112,"column":83},"end":{"line":115,"column":10}},"skip":true},"8":{"name":"(anonymous_8)","line":123,"loc":{"start":{"line":123,"column":77},"end":{"line":126,"column":10}},"skip":true},"9":{"name":"(anonymous_9)","line":139,"loc":{"start":{"line":139,"column":12},"end":{"line":139,"column":40}},"skip":true},"10":{"name":"(anonymous_10)","line":147,"loc":{"start":{"line":147,"column":77},"end":{"line":150,"column":10}},"skip":true},"11":{"name":"(anonymous_11)","line":158,"loc":{"start":{"line":158,"column":83},"end":{"line":161,"column":10}},"skip":true},"12":{"name":"(anonymous_12)","line":169,"loc":{"start":{"line":169,"column":79},"end":{"line":172,"column":10}},"skip":true},"13":{"name":"(anonymous_13)","line":180,"loc":{"start":{"line":180,"column":75},"end":{"line":183,"column":10}},"skip":true}},"statementMap":{"1":{"start":{"line":12,"column":0},"end":{"line":195,"column":5}},"2":{"start":{"line":14,"column":4},"end":{"line":14,"column":14}},"3":{"start":{"line":19,"column":4},"end":{"line":56,"column":9}},"4":{"start":{"line":21,"column":8},"end":{"line":21,"column":19}},"5":{"start":{"line":23,"column":8},"end":{"line":35,"column":13}},"6":{"start":{"line":24,"column":12},"end":{"line":34,"column":13}},"7":{"start":{"line":25,"column":16},"end":{"line":28,"column":30}},"8":{"start":{"line":30,"column":16},"end":{"line":33,"column":27}},"9":{"start":{"line":37,"column":8},"end":{"line":39,"column":21}},"10":{"start":{"line":40,"column":8},"end":{"line":53,"column":9}},"11":{"start":{"line":43,"column":12},"end":{"line":46,"column":14}},"12":{"start":{"line":47,"column":12},"end":{"line":47,"column":18}},"13":{"start":{"line":50,"column":12},"end":{"line":51,"column":33}},"14":{"start":{"line":52,"column":12},"end":{"line":52,"column":18}},"15":{"start":{"line":55,"column":8},"end":{"line":55,"column":35}},"16":{"start":{"line":61,"column":4},"end":{"line":63,"column":9}},"17":{"start":{"line":62,"column":8},"end":{"line":62,"column":15}},"18":{"start":{"line":64,"column":4},"end":{"line":77,"column":5}},"19":{"start":{"line":70,"column":8},"end":{"line":70,"column":14}},"20":{"start":{"line":76,"column":8},"end":{"line":76,"column":14}},"21":{"start":{"line":82,"column":4},"end":{"line":84,"column":9}},"22":{"start":{"line":83,"column":8},"end":{"line":83,"column":15}},"23":{"start":{"line":85,"column":4},"end":{"line":194,"column":5}},"24":{"start":{"line":91,"column":8},"end":{"line":99,"column":10}},"25":{"start":{"line":98,"column":12},"end":{"line":98,"column":35}},"26":{"start":{"line":102,"column":8},"end":{"line":104,"column":63}},"27":{"start":{"line":105,"column":8},"end":{"line":105,"column":14}},"28":{"start":{"line":112,"column":8},"end":{"line":121,"column":10},"skip":true},"29":{"start":{"line":119,"column":12},"end":{"line":119,"column":55},"skip":true},"30":{"start":{"line":120,"column":12},"end":{"line":120,"column":48},"skip":true},"31":{"start":{"line":123,"column":8},"end":{"line":136,"column":10},"skip":true},"32":{"start":{"line":130,"column":12},"end":{"line":130,"column":76},"skip":true},"33":{"start":{"line":131,"column":12},"end":{"line":131,"column":73},"skip":true},"34":{"start":{"line":132,"column":12},"end":{"line":132,"column":74},"skip":true},"35":{"start":{"line":133,"column":12},"end":{"line":133,"column":79},"skip":true},"36":{"start":{"line":134,"column":12},"end":{"line":134,"column":25},"skip":true},"37":{"start":{"line":135,"column":12},"end":{"line":135,"column":45},"skip":true},"38":{"start":{"line":138,"column":8},"end":{"line":145,"column":14},"skip":true},"39":{"start":{"line":143,"column":16},"end":{"line":143,"column":29},"skip":true},"40":{"start":{"line":144,"column":16},"end":{"line":144,"column":55},"skip":true},"41":{"start":{"line":147,"column":8},"end":{"line":156,"column":10},"skip":true},"42":{"start":{"line":154,"column":12},"end":{"line":154,"column":25},"skip":true},"43":{"start":{"line":155,"column":12},"end":{"line":155,"column":45},"skip":true},"44":{"start":{"line":158,"column":8},"end":{"line":167,"column":10},"skip":true},"45":{"start":{"line":165,"column":12},"end":{"line":165,"column":25},"skip":true},"46":{"start":{"line":166,"column":12},"end":{"line":166,"column":48},"skip":true},"47":{"start":{"line":169,"column":8},"end":{"line":178,"column":10},"skip":true},"48":{"start":{"line":176,"column":12},"end":{"line":176,"column":25},"skip":true},"49":{"start":{"line":177,"column":12},"end":{"line":177,"column":46},"skip":true},"50":{"start":{"line":180,"column":8},"end":{"line":189,"column":10},"skip":true},"51":{"start":{"line":187,"column":12},"end":{"line":187,"column":94},"skip":true},"52":{"start":{"line":188,"column":12},"end":{"line":188,"column":48},"skip":true},"53":{"start":{"line":192,"column":8},"end":{"line":192,"column":35},"skip":true},"54":{"start":{"line":193,"column":8},"end":{"line":193,"column":14},"skip":true}},"branchMap":{"1":{"line":25,"type":"binary-expr","locations":[{"start":{"line":25,"column":23},"end":{"line":25,"column":62}},{"start":{"line":26,"column":20},"end":{"line":26,"column":70}},{"start":{"line":27,"column":20},"end":{"line":27,"column":71}},{"start":{"line":28,"column":20},"end":{"line":28,"column":29}}]},"2":{"line":30,"type":"binary-expr","locations":[{"start":{"line":30,"column":23},"end":{"line":30,"column":37}},{"start":{"line":31,"column":20},"end":{"line":31,"column":61}},{"start":{"line":32,"column":20},"end":{"line":32,"column":70}},{"start":{"line":33,"column":20},"end":{"line":33,"column":26}}]},"3":{"line":37,"type":"cond-expr","locations":[{"start":{"line":38,"column":14},"end":{"line":38,"column":20}},{"start":{"line":39,"column":14},"end":{"line":39,"column":20}}]},"4":{"line":40,"type":"switch","locations":[{"start":{"line":42,"column":8},"end":{"line":47,"column":18}},{"start":{"line":49,"column":8},"end":{"line":52,"column":18}}]},"5":{"line":44,"type":"binary-expr","locations":[{"start":{"line":44,"column":16},"end":{"line":44,"column":44}},{"start":{"line":44,"column":48},"end":{"line":44,"column":66}}]},"6":{"line":50,"type":"binary-expr","locations":[{"start":{"line":50,"column":21},"end":{"line":50,"column":49}},{"start":{"line":50,"column":53},"end":{"line":50,"column":72}}]},"7":{"line":64,"type":"switch","locations":[{"start":{"line":69,"column":4},"end":{"line":70,"column":14}},{"start":{"line":75,"column":4},"end":{"line":76,"column":14}}]},"8":{"line":85,"type":"switch","locations":[{"start":{"line":90,"column":4},"end":{"line":105,"column":14}},{"start":{"line":111,"column":4},"end":{"line":193,"column":14},"skip":true}]},"9":{"line":91,"type":"binary-expr","locations":[{"start":{"line":91,"column":42},"end":{"line":91,"column":73}},{"start":{"line":91,"column":77},"end":{"line":99,"column":9}}]},"10":{"line":102,"type":"binary-expr","locations":[{"start":{"line":102,"column":18},"end":{"line":102,"column":32}},{"start":{"line":103,"column":12},"end":{"line":103,"column":53}},{"start":{"line":104,"column":12},"end":{"line":104,"column":61}}]},"11":{"line":112,"type":"binary-expr","locations":[{"start":{"line":112,"column":45},"end":{"line":112,"column":79},"skip":true},{"start":{"line":112,"column":83},"end":{"line":121,"column":9},"skip":true}]},"12":{"line":123,"type":"binary-expr","locations":[{"start":{"line":123,"column":42},"end":{"line":123,"column":73},"skip":true},{"start":{"line":123,"column":77},"end":{"line":136,"column":9},"skip":true}]},"13":{"line":138,"type":"binary-expr","locations":[{"start":{"line":138,"column":48},"end":{"line":138,"column":85},"skip":true},{"start":{"line":139,"column":12},"end":{"line":145,"column":13},"skip":true}]},"14":{"line":147,"type":"binary-expr","locations":[{"start":{"line":147,"column":42},"end":{"line":147,"column":73},"skip":true},{"start":{"line":147,"column":77},"end":{"line":156,"column":9},"skip":true}]},"15":{"line":158,"type":"binary-expr","locations":[{"start":{"line":158,"column":45},"end":{"line":158,"column":79},"skip":true},{"start":{"line":158,"column":83},"end":{"line":167,"column":9},"skip":true}]},"16":{"line":169,"type":"binary-expr","locations":[{"start":{"line":169,"column":43},"end":{"line":169,"column":75},"skip":true},{"start":{"line":169,"column":79},"end":{"line":178,"column":9},"skip":true}]},"17":{"line":180,"type":"binary-expr","locations":[{"start":{"line":180,"column":41},"end":{"line":180,"column":71},"skip":true},{"start":{"line":180,"column":75},"end":{"line":189,"column":9},"skip":true}]}},"code":["/* istanbul instrument in package npmtest_react_redux */","/*jslint","    bitwise: true,","    browser: true,","    maxerr: 8,","    maxlen: 96,","    node: true,","    nomen: true,","    regexp: true,","    stupid: true","*/","(function () {","    'use strict';","    var local;","","","","    // run shared js-env code - pre-init","    (function () {","        // init local","        local = {};","        // init modeJs","        local.modeJs = (function () {","            try {","                return typeof navigator.userAgent === 'string' &&","                    typeof document.querySelector('body') === 'object' &&","                    typeof XMLHttpRequest.prototype.open === 'function' &&","                    'browser';","            } catch (errorCaughtBrowser) {","                return module.exports &&","                    typeof process.versions.node === 'string' &&","                    typeof require('http').createServer === 'function' &&","                    'node';","            }","        }());","        // init global","        local.global = local.modeJs === 'browser'","            ? window","            : global;","        switch (local.modeJs) {","        // re-init local from window.local","        case 'browser':","            local = local.global.utility2.objectSetDefault(","                local.global.utility2_rollup || local.global.local,","                local.global.utility2","            );","            break;","        // re-init local from example.js","        case 'node':","            local = (local.global.utility2_rollup || require('utility2'))","                .requireReadme();","            break;","        }","        // export local","        local.global.local = local;","    }());","","","","    // run shared js-env code - function","    (function () {","        return;","    }());","    switch (local.modeJs) {","","","","    // run browser js-env code - function","    case 'browser':","        break;","","","","    // run node js-env code - function","    case 'node':","        break;","    }","","","","    // run shared js-env code - post-init","    (function () {","        return;","    }());","    switch (local.modeJs) {","","","","    // run browser js-env code - post-init","    case 'browser':","        local.testCase_browser_nullCase = local.testCase_browser_nullCase || function (","            options,","            onError","        ) {","        /*","         * this function will test browsers's null-case handling-behavior-behavior","         */","            onError(null, options);","        };","","        // run tests","        local.nop(local.modeTest &&","            document.querySelector('#testRunButton1') &&","            document.querySelector('#testRunButton1').click());","        break;","","","","    // run node js-env code - post-init","    /* istanbul ignore next */","    case 'node':","        local.testCase_buildApidoc_default = local.testCase_buildApidoc_default || function (","            options,","            onError","        ) {","        /*","         * this function will test buildApidoc's default handling-behavior-behavior","         */","            options = { modulePathList: module.paths };","            local.buildApidoc(options, onError);","        };","","        local.testCase_buildApp_default = local.testCase_buildApp_default || function (","            options,","            onError","        ) {","        /*","         * this function will test buildApp's default handling-behavior-behavior","         */","            local.testCase_buildReadme_default(options, local.onErrorThrow);","            local.testCase_buildLib_default(options, local.onErrorThrow);","            local.testCase_buildTest_default(options, local.onErrorThrow);","            local.testCase_buildCustomOrg_default(options, local.onErrorThrow);","            options = [];","            local.buildApp(options, onError);","        };","","        local.testCase_buildCustomOrg_default = local.testCase_buildCustomOrg_default ||","            function (options, onError) {","            /*","             * this function will test buildCustomOrg's default handling-behavior","             */","                options = {};","                local.buildCustomOrg(options, onError);","            };","","        local.testCase_buildLib_default = local.testCase_buildLib_default || function (","            options,","            onError","        ) {","        /*","         * this function will test buildLib's default handling-behavior","         */","            options = {};","            local.buildLib(options, onError);","        };","","        local.testCase_buildReadme_default = local.testCase_buildReadme_default || function (","            options,","            onError","        ) {","        /*","         * this function will test buildReadme's default handling-behavior-behavior","         */","            options = {};","            local.buildReadme(options, onError);","        };","","        local.testCase_buildTest_default = local.testCase_buildTest_default || function (","            options,","            onError","        ) {","        /*","         * this function will test buildTest's default handling-behavior","         */","            options = {};","            local.buildTest(options, onError);","        };","","        local.testCase_webpage_default = local.testCase_webpage_default || function (","            options,","            onError","        ) {","        /*","         * this function will test webpage's default handling-behavior","         */","            options = { modeCoverageMerge: true, url: local.serverLocalHost + '?modeTest=1' };","            local.browserTest(options, onError);","        };","","        // run test-server","        local.testRunServer(local);","        break;","    }","}());",""],"l":{"12":2,"14":2,"19":2,"21":2,"23":2,"24":2,"25":2,"30":1,"37":2,"40":2,"43":1,"47":1,"50":1,"52":1,"55":2,"61":2,"62":2,"64":2,"70":1,"76":1,"82":2,"83":2,"85":2,"91":1,"98":1,"102":1,"105":1,"112":1,"119":1,"120":1,"123":1,"130":1,"131":1,"132":1,"133":1,"134":1,"135":1,"138":1,"143":2,"144":2,"147":1,"154":2,"155":2,"158":1,"165":2,"166":2,"169":1,"176":2,"177":2,"180":1,"187":1,"188":1,"192":1,"193":1}},"/home/travis/build/npmtest/node-npmtest-react-redux/lib.npmtest_react_redux.js":{"path":"/home/travis/build/npmtest/node-npmtest-react-redux/lib.npmtest_react_redux.js","s":{"1":2,"2":2,"3":2,"4":2,"5":2,"6":2,"7":2,"8":1,"9":2,"10":2,"11":2,"12":2,"13":1,"14":1,"15":1,"16":1},"b":{"1":[2,1,1,1],"2":[1,1,1,1],"3":[1,1],"4":[2,2],"5":[1,1]},"f":{"1":2,"2":2,"3":2},"fnMap":{"1":{"name":"(anonymous_1)","line":12,"loc":{"start":{"line":12,"column":1},"end":{"line":12,"column":13}}},"2":{"name":"(anonymous_2)","line":19,"loc":{"start":{"line":19,"column":5},"end":{"line":19,"column":17}}},"3":{"name":"(anonymous_3)","line":23,"loc":{"start":{"line":23,"column":24},"end":{"line":23,"column":36}}}},"statementMap":{"1":{"start":{"line":12,"column":0},"end":{"line":53,"column":5}},"2":{"start":{"line":14,"column":4},"end":{"line":14,"column":14}},"3":{"start":{"line":19,"column":4},"end":{"line":52,"column":9}},"4":{"start":{"line":21,"column":8},"end":{"line":21,"column":19}},"5":{"start":{"line":23,"column":8},"end":{"line":35,"column":13}},"6":{"start":{"line":24,"column":12},"end":{"line":34,"column":13}},"7":{"start":{"line":25,"column":16},"end":{"line":28,"column":30}},"8":{"start":{"line":30,"column":16},"end":{"line":33,"column":27}},"9":{"start":{"line":37,"column":8},"end":{"line":39,"column":21}},"10":{"start":{"line":41,"column":8},"end":{"line":41,"column":54}},"11":{"start":{"line":43,"column":8},"end":{"line":43,"column":56}},"12":{"start":{"line":45,"column":8},"end":{"line":51,"column":9}},"13":{"start":{"line":46,"column":12},"end":{"line":46,"column":62}},"14":{"start":{"line":48,"column":12},"end":{"line":48,"column":35}},"15":{"start":{"line":49,"column":12},"end":{"line":49,"column":49}},"16":{"start":{"line":50,"column":12},"end":{"line":50,"column":43}}},"branchMap":{"1":{"line":25,"type":"binary-expr","locations":[{"start":{"line":25,"column":23},"end":{"line":25,"column":62}},{"start":{"line":26,"column":20},"end":{"line":26,"column":70}},{"start":{"line":27,"column":20},"end":{"line":27,"column":71}},{"start":{"line":28,"column":20},"end":{"line":28,"column":29}}]},"2":{"line":30,"type":"binary-expr","locations":[{"start":{"line":30,"column":23},"end":{"line":30,"column":37}},{"start":{"line":31,"column":20},"end":{"line":31,"column":61}},{"start":{"line":32,"column":20},"end":{"line":32,"column":70}},{"start":{"line":33,"column":20},"end":{"line":33,"column":26}}]},"3":{"line":37,"type":"cond-expr","locations":[{"start":{"line":38,"column":14},"end":{"line":38,"column":20}},{"start":{"line":39,"column":14},"end":{"line":39,"column":20}}]},"4":{"line":41,"type":"binary-expr","locations":[{"start":{"line":41,"column":16},"end":{"line":41,"column":44}},{"start":{"line":41,"column":48},"end":{"line":41,"column":53}}]},"5":{"line":45,"type":"if","locations":[{"start":{"line":45,"column":8},"end":{"line":45,"column":8}},{"start":{"line":45,"column":8},"end":{"line":45,"column":8}}]}},"code":["/* istanbul instrument in package npmtest_react_redux */","/*jslint","    bitwise: true,","    browser: true,","    maxerr: 8,","    maxlen: 96,","    node: true,","    nomen: true,","    regexp: true,","    stupid: true","*/","(function () {","    'use strict';","    var local;","","","","    // run shared js-env code - pre-init","    (function () {","        // init local","        local = {};","        // init modeJs","        local.modeJs = (function () {","            try {","                return typeof navigator.userAgent === 'string' &&","                    typeof document.querySelector('body') === 'object' &&","                    typeof XMLHttpRequest.prototype.open === 'function' &&","                    'browser';","            } catch (errorCaughtBrowser) {","                return module.exports &&","                    typeof process.versions.node === 'string' &&","                    typeof require('http').createServer === 'function' &&","                    'node';","            }","        }());","        // init global","        local.global = local.modeJs === 'browser'","            ? window","            : global;","        // init utility2_rollup","        local = local.global.utility2_rollup || local;","        // init lib","        local.local = local.npmtest_react_redux = local;","        // init exports","        if (local.modeJs === 'browser') {","            local.global.utility2_npmtest_react_redux = local;","        } else {","            module.exports = local;","            module.exports.__dirname = __dirname;","            module.exports.module = module;","        }","    }());","}());",""],"l":{"12":2,"14":2,"19":2,"21":2,"23":2,"24":2,"25":2,"30":1,"37":2,"41":2,"43":2,"45":2,"46":1,"48":1,"49":1,"50":1}},"/home/travis/build/npmtest/node-npmtest-react-redux/example.js":{"path":"/home/travis/build/npmtest/node-npmtest-react-redux/example.js","s":{"1":2,"2":2,"3":2,"4":2,"5":2,"6":2,"7":2,"8":1,"9":2,"10":2,"11":2,"12":2,"13":1,"14":2,"15":2,"16":2,"17":2,"18":2,"19":0,"20":2,"21":1,"22":1,"23":1,"24":1,"25":1,"26":0,"27":0,"28":1,"29":1,"30":2,"31":0,"32":0,"33":0,"34":1,"35":2,"36":2,"37":3,"38":3,"39":3,"40":3,"41":0,"42":3,"43":3,"44":3,"45":1,"46":3,"47":1,"48":1,"49":1,"50":1,"51":1,"52":1,"53":1,"54":1,"55":1,"56":1,"57":0,"58":1,"59":6,"60":6,"61":1,"62":2,"63":0,"64":2,"65":1,"66":1,"67":0,"68":0,"69":0,"70":0,"71":0,"72":0,"73":0,"74":0,"75":0,"76":0,"77":0,"78":0,"79":0,"80":0,"81":0,"82":0,"83":0},"b":{"1":[2,1,1,1],"2":[1,1,1,1],"3":[1,1],"4":[2,2],"5":[1,1],"6":[1,1],"7":[2,0],"8":[2,1,1,1,1,1],"9":[0,2,0],"10":[1,1],"11":[2,1,1],"12":[1,0],"13":[0,2],"14":[2,0,0,0,0,0,0],"15":[0,3],"16":[3,0],"17":[1,1],"18":[0,1],"19":[1,2,0,2],"20":[1,0],"21":[1,1],"22":[0,0],"23":[0,0],"24":[0,0],"25":[0,0],"26":[0,0],"27":[0,0],"28":[0,0]},"f":{"1":2,"2":2,"3":2,"4":2,"5":2,"6":2,"7":3,"8":3,"9":3,"10":1,"11":6,"12":0},"fnMap":{"1":{"name":"(anonymous_1)","line":26,"loc":{"start":{"line":26,"column":1},"end":{"line":26,"column":13}}},"2":{"name":"(anonymous_2)","line":33,"loc":{"start":{"line":33,"column":5},"end":{"line":33,"column":17}}},"3":{"name":"(anonymous_3)","line":37,"loc":{"start":{"line":37,"column":24},"end":{"line":37,"column":36}}},"4":{"name":"(anonymous_4)","line":69,"loc":{"start":{"line":69,"column":31},"end":{"line":69,"column":48}},"skip":true},"5":{"name":"(anonymous_5)","line":78,"loc":{"start":{"line":78,"column":26},"end":{"line":78,"column":45}},"skip":true},"6":{"name":"(anonymous_6)","line":123,"loc":{"start":{"line":123,"column":33},"end":{"line":123,"column":48}},"skip":true},"7":{"name":"(anonymous_7)","line":125,"loc":{"start":{"line":125,"column":27},"end":{"line":125,"column":39}},"skip":true},"8":{"name":"(anonymous_8)","line":133,"loc":{"start":{"line":133,"column":59},"end":{"line":133,"column":74}},"skip":true},"9":{"name":"(anonymous_9)","line":143,"loc":{"start":{"line":143,"column":45},"end":{"line":143,"column":62}},"skip":true},"10":{"name":"(anonymous_10)","line":144,"loc":{"start":{"line":144,"column":73},"end":{"line":144,"column":92}},"skip":true},"11":{"name":"(anonymous_11)","line":272,"loc":{"start":{"line":272,"column":51},"end":{"line":272,"column":77}},"skip":true},"12":{"name":"(anonymous_12)","line":315,"loc":{"start":{"line":315,"column":32},"end":{"line":315,"column":61}},"skip":true}},"statementMap":{"1":{"start":{"line":26,"column":0},"end":{"line":326,"column":5}},"2":{"start":{"line":28,"column":4},"end":{"line":28,"column":14}},"3":{"start":{"line":33,"column":4},"end":{"line":60,"column":9}},"4":{"start":{"line":35,"column":8},"end":{"line":35,"column":19}},"5":{"start":{"line":37,"column":8},"end":{"line":49,"column":13}},"6":{"start":{"line":38,"column":12},"end":{"line":48,"column":13}},"7":{"start":{"line":39,"column":16},"end":{"line":42,"column":30}},"8":{"start":{"line":44,"column":16},"end":{"line":47,"column":27}},"9":{"start":{"line":51,"column":8},"end":{"line":53,"column":21}},"10":{"start":{"line":55,"column":8},"end":{"line":57,"column":45}},"11":{"start":{"line":59,"column":8},"end":{"line":59,"column":35}},"12":{"start":{"line":61,"column":4},"end":{"line":325,"column":5}},"13":{"start":{"line":69,"column":8},"end":{"line":121,"column":10},"skip":true},"14":{"start":{"line":70,"column":12},"end":{"line":88,"column":13},"skip":true},"15":{"start":{"line":76,"column":16},"end":{"line":87,"column":19},"skip":true},"16":{"start":{"line":79,"column":20},"end":{"line":86,"column":21},"skip":true},"17":{"start":{"line":82,"column":24},"end":{"line":82,"column":43},"skip":true},"18":{"start":{"line":83,"column":24},"end":{"line":83,"column":30},"skip":true},"19":{"start":{"line":85,"column":24},"end":{"line":85,"column":49},"skip":true},"20":{"start":{"line":89,"column":12},"end":{"line":107,"column":13},"skip":true},"21":{"start":{"line":92,"column":16},"end":{"line":102,"column":17},"skip":true},"22":{"start":{"line":93,"column":20},"end":{"line":93,"column":86},"skip":true},"23":{"start":{"line":94,"column":20},"end":{"line":95,"column":45},"skip":true},"24":{"start":{"line":96,"column":20},"end":{"line":96,"column":42},"skip":true},"25":{"start":{"line":97,"column":20},"end":{"line":97,"column":48},"skip":true},"26":{"start":{"line":100,"column":20},"end":{"line":100,"column":85},"skip":true},"27":{"start":{"line":101,"column":20},"end":{"line":101,"column":96},"skip":true},"28":{"start":{"line":103,"column":16},"end":{"line":103,"column":22},"skip":true},"29":{"start":{"line":106,"column":16},"end":{"line":106,"column":22},"skip":true},"30":{"start":{"line":108,"column":12},"end":{"line":120,"column":13},"skip":true},"31":{"start":{"line":114,"column":16},"end":{"line":119,"column":17},"skip":true},"32":{"start":{"line":116,"column":20},"end":{"line":116,"column":78},"skip":true},"33":{"start":{"line":118,"column":20},"end":{"line":118,"column":47},"skip":true},"34":{"start":{"line":123,"column":8},"end":{"line":141,"column":11},"skip":true},"35":{"start":{"line":124,"column":12},"end":{"line":124,"column":54},"skip":true},"36":{"start":{"line":125,"column":12},"end":{"line":140,"column":14},"skip":true},"37":{"start":{"line":126,"column":16},"end":{"line":126,"column":28},"skip":true},"38":{"start":{"line":127,"column":16},"end":{"line":127,"column":69},"skip":true},"39":{"start":{"line":128,"column":16},"end":{"line":128,"column":75},"skip":true},"40":{"start":{"line":129,"column":16},"end":{"line":131,"column":17},"skip":true},"41":{"start":{"line":130,"column":20},"end":{"line":130,"column":27},"skip":true},"42":{"start":{"line":133,"column":16},"end":{"line":137,"column":36},"skip":true},"43":{"start":{"line":134,"column":20},"end":{"line":136,"column":55},"skip":true},"44":{"start":{"line":139,"column":16},"end":{"line":139,"column":57},"skip":true},"45":{"start":{"line":143,"column":8},"end":{"line":147,"column":11},"skip":true},"46":{"start":{"line":144,"column":12},"end":{"line":146,"column":15},"skip":true},"47":{"start":{"line":145,"column":16},"end":{"line":145,"column":70},"skip":true},"48":{"start":{"line":149,"column":8},"end":{"line":149,"column":31},"skip":true},"49":{"start":{"line":150,"column":8},"end":{"line":150,"column":14},"skip":true},"50":{"start":{"line":158,"column":8},"end":{"line":158,"column":31},"skip":true},"51":{"start":{"line":160,"column":8},"end":{"line":160,"column":33},"skip":true},"52":{"start":{"line":161,"column":8},"end":{"line":161,"column":37},"skip":true},"53":{"start":{"line":162,"column":8},"end":{"line":162,"column":35},"skip":true},"54":{"start":{"line":164,"column":8},"end":{"line":164,"column":50},"skip":true},"55":{"start":{"line":166,"column":8},"end":{"line":256,"column":2},"skip":true},"56":{"start":{"line":258,"column":8},"end":{"line":286,"column":9},"skip":true},"57":{"start":{"line":259,"column":12},"end":{"line":269,"column":14},"skip":true},"58":{"start":{"line":271,"column":12},"end":{"line":285,"column":19},"skip":true},"59":{"start":{"line":274,"column":20},"end":{"line":274,"column":35},"skip":true},"60":{"start":{"line":275,"column":20},"end":{"line":284,"column":21},"skip":true},"61":{"start":{"line":277,"column":24},"end":{"line":277,"column":64},"skip":true},"62":{"start":{"line":279,"column":24},"end":{"line":279,"column":40},"skip":true},"63":{"start":{"line":281,"column":24},"end":{"line":281,"column":40},"skip":true},"64":{"start":{"line":283,"column":24},"end":{"line":283,"column":39},"skip":true},"65":{"start":{"line":288,"column":8},"end":{"line":290,"column":9},"skip":true},"66":{"start":{"line":289,"column":12},"end":{"line":289,"column":18},"skip":true},"67":{"start":{"line":291,"column":8},"end":{"line":293,"column":54},"skip":true},"68":{"start":{"line":296,"column":8},"end":{"line":301,"column":37},"skip":true},"69":{"start":{"line":303,"column":8},"end":{"line":303,"column":82},"skip":true},"70":{"start":{"line":306,"column":8},"end":{"line":308,"column":9},"skip":true},"71":{"start":{"line":307,"column":12},"end":{"line":307,"column":82},"skip":true},"72":{"start":{"line":310,"column":8},"end":{"line":312,"column":9},"skip":true},"73":{"start":{"line":311,"column":12},"end":{"line":311,"column":18},"skip":true},"74":{"start":{"line":313,"column":8},"end":{"line":313,"column":54},"skip":true},"75":{"start":{"line":314,"column":8},"end":{"line":314,"column":69},"skip":true},"76":{"start":{"line":315,"column":8},"end":{"line":323,"column":36},"skip":true},"77":{"start":{"line":316,"column":12},"end":{"line":316,"column":61},"skip":true},"78":{"start":{"line":317,"column":12},"end":{"line":320,"column":13},"skip":true},"79":{"start":{"line":318,"column":16},"end":{"line":318,"column":75},"skip":true},"80":{"start":{"line":319,"column":16},"end":{"line":319,"column":23},"skip":true},"81":{"start":{"line":321,"column":12},"end":{"line":321,"column":38},"skip":true},"82":{"start":{"line":322,"column":12},"end":{"line":322,"column":27},"skip":true},"83":{"start":{"line":324,"column":8},"end":{"line":324,"column":14},"skip":true}},"branchMap":{"1":{"line":39,"type":"binary-expr","locations":[{"start":{"line":39,"column":23},"end":{"line":39,"column":62}},{"start":{"line":40,"column":20},"end":{"line":40,"column":70}},{"start":{"line":41,"column":20},"end":{"line":41,"column":71}},{"start":{"line":42,"column":20},"end":{"line":42,"column":29}}]},"2":{"line":44,"type":"binary-expr","locations":[{"start":{"line":44,"column":23},"end":{"line":44,"column":37}},{"start":{"line":45,"column":20},"end":{"line":45,"column":61}},{"start":{"line":46,"column":20},"end":{"line":46,"column":70}},{"start":{"line":47,"column":20},"end":{"line":47,"column":26}}]},"3":{"line":51,"type":"cond-expr","locations":[{"start":{"line":52,"column":14},"end":{"line":52,"column":20}},{"start":{"line":53,"column":14},"end":{"line":53,"column":20}}]},"4":{"line":55,"type":"binary-expr","locations":[{"start":{"line":55,"column":16},"end":{"line":55,"column":44}},{"start":{"line":55,"column":49},"end":{"line":57,"column":43}}]},"5":{"line":55,"type":"cond-expr","locations":[{"start":{"line":56,"column":14},"end":{"line":56,"column":55}},{"start":{"line":57,"column":14},"end":{"line":57,"column":43}}]},"6":{"line":61,"type":"switch","locations":[{"start":{"line":68,"column":4},"end":{"line":150,"column":14},"skip":true},{"start":{"line":156,"column":4},"end":{"line":324,"column":14},"skip":true}]},"7":{"line":70,"type":"if","locations":[{"start":{"line":70,"column":12},"end":{"line":70,"column":12},"skip":true},{"start":{"line":70,"column":12},"end":{"line":70,"column":12},"skip":true}]},"8":{"line":70,"type":"binary-expr","locations":[{"start":{"line":70,"column":16},"end":{"line":70,"column":22},"skip":true},{"start":{"line":70,"column":27},"end":{"line":70,"column":32},"skip":true},{"start":{"line":71,"column":20},"end":{"line":71,"column":39},"skip":true},{"start":{"line":72,"column":20},"end":{"line":72,"column":49},"skip":true},{"start":{"line":73,"column":20},"end":{"line":73,"column":58},"skip":true},{"start":{"line":74,"column":20},"end":{"line":74,"column":69},"skip":true}]},"9":{"line":79,"type":"switch","locations":[{"start":{"line":80,"column":20},"end":{"line":80,"column":33},"skip":true},{"start":{"line":81,"column":20},"end":{"line":83,"column":30},"skip":true},{"start":{"line":84,"column":20},"end":{"line":85,"column":49},"skip":true}]},"10":{"line":89,"type":"switch","locations":[{"start":{"line":90,"column":12},"end":{"line":103,"column":22},"skip":true},{"start":{"line":105,"column":12},"end":{"line":106,"column":22},"skip":true}]},"11":{"line":89,"type":"binary-expr","locations":[{"start":{"line":89,"column":20},"end":{"line":89,"column":25},"skip":true},{"start":{"line":89,"column":29},"end":{"line":89,"column":48},"skip":true},{"start":{"line":89,"column":52},"end":{"line":89,"column":74},"skip":true}]},"12":{"line":92,"type":"if","locations":[{"start":{"line":92,"column":16},"end":{"line":92,"column":16},"skip":true},{"start":{"line":92,"column":16},"end":{"line":92,"column":16},"skip":true}]},"13":{"line":108,"type":"if","locations":[{"start":{"line":108,"column":12},"end":{"line":108,"column":12},"skip":true},{"start":{"line":108,"column":12},"end":{"line":108,"column":12},"skip":true}]},"14":{"line":108,"type":"binary-expr","locations":[{"start":{"line":108,"column":16},"end":{"line":108,"column":61},"skip":true},{"start":{"line":108,"column":66},"end":{"line":108,"column":72},"skip":true},{"start":{"line":108,"column":77},"end":{"line":108,"column":82},"skip":true},{"start":{"line":109,"column":20},"end":{"line":109,"column":39},"skip":true},{"start":{"line":110,"column":20},"end":{"line":110,"column":49},"skip":true},{"start":{"line":111,"column":20},"end":{"line":111,"column":58},"skip":true},{"start":{"line":112,"column":20},"end":{"line":112,"column":68},"skip":true}]},"15":{"line":129,"type":"if","locations":[{"start":{"line":129,"column":16},"end":{"line":129,"column":16},"skip":true},{"start":{"line":129,"column":16},"end":{"line":129,"column":16},"skip":true}]},"16":{"line":134,"type":"cond-expr","locations":[{"start":{"line":135,"column":26},"end":{"line":135,"column":29},"skip":true},{"start":{"line":136,"column":26},"end":{"line":136,"column":54},"skip":true}]},"17":{"line":164,"type":"binary-expr","locations":[{"start":{"line":164,"column":27},"end":{"line":164,"column":43},"skip":true},{"start":{"line":164,"column":47},"end":{"line":164,"column":49},"skip":true}]},"18":{"line":258,"type":"if","locations":[{"start":{"line":258,"column":8},"end":{"line":258,"column":8},"skip":true},{"start":{"line":258,"column":8},"end":{"line":258,"column":8},"skip":true}]},"19":{"line":275,"type":"switch","locations":[{"start":{"line":276,"column":20},"end":{"line":277,"column":64},"skip":true},{"start":{"line":278,"column":20},"end":{"line":279,"column":40},"skip":true},{"start":{"line":280,"column":20},"end":{"line":281,"column":40},"skip":true},{"start":{"line":282,"column":20},"end":{"line":283,"column":39},"skip":true}]},"20":{"line":288,"type":"if","locations":[{"start":{"line":288,"column":8},"end":{"line":288,"column":8},"skip":true},{"start":{"line":288,"column":8},"end":{"line":288,"column":8},"skip":true}]},"21":{"line":288,"type":"binary-expr","locations":[{"start":{"line":288,"column":12},"end":{"line":288,"column":40},"skip":true},{"start":{"line":288,"column":44},"end":{"line":288,"column":67},"skip":true}]},"22":{"line":292,"type":"binary-expr","locations":[{"start":{"line":292,"column":12},"end":{"line":292,"column":50},"skip":true},{"start":{"line":293,"column":12},"end":{"line":293,"column":53},"skip":true}]},"23":{"line":297,"type":"binary-expr","locations":[{"start":{"line":297,"column":12},"end":{"line":297,"column":69},"skip":true},{"start":{"line":298,"column":12},"end":{"line":301,"column":36},"skip":true}]},"24":{"line":303,"type":"binary-expr","locations":[{"start":{"line":303,"column":43},"end":{"line":303,"column":75},"skip":true},{"start":{"line":303,"column":79},"end":{"line":303,"column":81},"skip":true}]},"25":{"line":306,"type":"if","locations":[{"start":{"line":306,"column":8},"end":{"line":306,"column":8},"skip":true},{"start":{"line":306,"column":8},"end":{"line":306,"column":8},"skip":true}]},"26":{"line":310,"type":"if","locations":[{"start":{"line":310,"column":8},"end":{"line":310,"column":8},"skip":true},{"start":{"line":310,"column":8},"end":{"line":310,"column":8},"skip":true}]},"27":{"line":313,"type":"binary-expr","locations":[{"start":{"line":313,"column":27},"end":{"line":313,"column":43},"skip":true},{"start":{"line":313,"column":47},"end":{"line":313,"column":53},"skip":true}]},"28":{"line":317,"type":"if","locations":[{"start":{"line":317,"column":12},"end":{"line":317,"column":12},"skip":true},{"start":{"line":317,"column":12},"end":{"line":317,"column":12},"skip":true}]}},"code":["/*","example.js","","quickstart example","","instruction","    1. save this script as example.js","    2. run the shell command:","        $ npm install npmtest-react-redux && PORT=8081 node example.js","    3. play with the browser-demo on http://127.0.0.1:8081","*/","","","","/* istanbul instrument in package npmtest_react_redux */","/*jslint","    bitwise: true,","    browser: true,","    maxerr: 8,","    maxlen: 96,","    node: true,","    nomen: true,","    regexp: true,","    stupid: true","*/","(function () {","    'use strict';","    var local;","","","","    // run shared js-env code - pre-init","    (function () {","        // init local","        local = {};","        // init modeJs","        local.modeJs = (function () {","            try {","                return typeof navigator.userAgent === 'string' &&","                    typeof document.querySelector('body') === 'object' &&","                    typeof XMLHttpRequest.prototype.open === 'function' &&","                    'browser';","            } catch (errorCaughtBrowser) {","                return module.exports &&","                    typeof process.versions.node === 'string' &&","                    typeof require('http').createServer === 'function' &&","                    'node';","            }","        }());","        // init global","        local.global = local.modeJs === 'browser'","            ? window","            : global;","        // init utility2_rollup","        local = local.global.utility2_rollup || (local.modeJs === 'browser'","            ? local.global.utility2_npmtest_react_redux","            : global.utility2_moduleExports);","        // export local","        local.global.local = local;","    }());","    switch (local.modeJs) {","","","","    // post-init","    // run browser js-env code - post-init","    /* istanbul ignore next */","    case 'browser':","        local.testRunBrowser = function (event) {","            if (!event || (event &&","                    event.currentTarget &&","                    event.currentTarget.className &&","                    event.currentTarget.className.includes &&","                    event.currentTarget.className.includes('onreset'))) {","                // reset output","                Array.from(","                    document.querySelectorAll('body > .resettable')","                ).forEach(function (element) {","                    switch (element.tagName) {","                    case 'INPUT':","                    case 'TEXTAREA':","                        element.value = '';","                        break;","                    default:","                        element.textContent = '';","                    }","                });","            }","            switch (event && event.currentTarget && event.currentTarget.id) {","            case 'testRunButton1':","                // show tests","                if (document.querySelector('#testReportDiv1').style.display === 'none') {","                    document.querySelector('#testReportDiv1').style.display = 'block';","                    document.querySelector('#testRunButton1').textContent =","                        'hide internal test';","                    local.modeTest = true;","                    local.testRunDefault(local);","                // hide tests","                } else {","                    document.querySelector('#testReportDiv1').style.display = 'none';","                    document.querySelector('#testRunButton1').textContent = 'run internal test';","                }","                break;","            // custom-case","            default:","                break;","            }","            if (document.querySelector('#inputTextareaEval1') && (!event || (event &&","                    event.currentTarget &&","                    event.currentTarget.className &&","                    event.currentTarget.className.includes &&","                    event.currentTarget.className.includes('oneval')))) {","                // try to eval input-code","                try {","                    /*jslint evil: true*/","                    eval(document.querySelector('#inputTextareaEval1').value);","                } catch (errorCaught) {","                    console.error(errorCaught);","                }","            }","        };","        // log stderr and stdout to #outputTextareaStdout1","        ['error', 'log'].forEach(function (key) {","            console[key + '_original'] = console[key];","            console[key] = function () {","                var element;","                console[key + '_original'].apply(console, arguments);","                element = document.querySelector('#outputTextareaStdout1');","                if (!element) {","                    return;","                }","                // append text to #outputTextareaStdout1","                element.value += Array.from(arguments).map(function (arg) {","                    return typeof arg === 'string'","                        ? arg","                        : JSON.stringify(arg, null, 4);","                }).join(' ') + '\\n';","                // scroll textarea to bottom","                element.scrollTop = element.scrollHeight;","            };","        });","        // init event-handling","        ['change', 'click', 'keyup'].forEach(function (event) {","            Array.from(document.querySelectorAll('.on' + event)).forEach(function (element) {","                element.addEventListener(event, local.testRunBrowser);","            });","        });","        // run tests","        local.testRunBrowser();","        break;","","","","    // run node js-env code - post-init","    /* istanbul ignore next */","    case 'node':","        // export local","        module.exports = local;","        // require modules","        local.fs = require('fs');","        local.http = require('http');","        local.url = require('url');","        // init assets","        local.assetsDict = local.assetsDict || {};","        /* jslint-ignore-begin */","        local.assetsDict['/assets.index.template.html'] = '\\","<!doctype html>\\n\\","<html lang=\"en\">\\n\\","<head>\\n\\","<meta charset=\"UTF-8\">\\n\\","<meta name=\"viewport\" content=\"width=device-width, initial-scale=1\">\\n\\","<title>{{env.npm_package_name}} (v{{env.npm_package_version}})</title>\\n\\","<style>\\n\\","/*csslint\\n\\","    box-sizing: false,\\n\\","    universal-selector: false\\n\\","*/\\n\\","* {\\n\\","    box-sizing: border-box;\\n\\","}\\n\\","body {\\n\\","    background: #dde;\\n\\","    font-family: Arial, Helvetica, sans-serif;\\n\\","    margin: 2rem;\\n\\","}\\n\\","body > * {\\n\\","    margin-bottom: 1rem;\\n\\","}\\n\\",".utility2FooterDiv {\\n\\","    margin-top: 20px;\\n\\","    text-align: center;\\n\\","}\\n\\","</style>\\n\\","<style>\\n\\","/*csslint\\n\\","*/\\n\\","textarea {\\n\\","    font-family: monospace;\\n\\","    height: 10rem;\\n\\","    width: 100%;\\n\\","}\\n\\","textarea[readonly] {\\n\\","    background: #ddd;\\n\\","}\\n\\","</style>\\n\\","</head>\\n\\","<body>\\n\\","<!-- utility2-comment\\n\\","<div id=\"ajaxProgressDiv1\" style=\"background: #d00; height: 2px; left: 0; margin: 0; padding: 0; position: fixed; top: 0; transition: background 0.5s, width 1.5s; width: 25%;\"></div>\\n\\","utility2-comment -->\\n\\","<h1>\\n\\","<!-- utility2-comment\\n\\","    <a\\n\\","        {{#if env.npm_package_homepage}}\\n\\","        href=\"{{env.npm_package_homepage}}\"\\n\\","        {{/if env.npm_package_homepage}}\\n\\","        target=\"_blank\"\\n\\","    >\\n\\","utility2-comment -->\\n\\","        {{env.npm_package_name}} (v{{env.npm_package_version}})\\n\\","<!-- utility2-comment\\n\\","    </a>\\n\\","utility2-comment -->\\n\\","</h1>\\n\\","<h3>{{env.npm_package_description}}</h3>\\n\\","<!-- utility2-comment\\n\\","<h4><a download href=\"assets.app.js\">download standalone app</a></h4>\\n\\","<button class=\"onclick onreset\" id=\"testRunButton1\">run internal test</button><br>\\n\\","<div id=\"testReportDiv1\" style=\"display: none;\"></div>\\n\\","utility2-comment -->\\n\\","\\n\\","\\n\\","\\n\\","<label>stderr and stdout</label>\\n\\","<textarea class=\"resettable\" id=\"outputTextareaStdout1\" readonly></textarea>\\n\\","<!-- utility2-comment\\n\\","{{#if isRollup}}\\n\\","<script src=\"assets.app.js\"></script>\\n\\","{{#unless isRollup}}\\n\\","utility2-comment -->\\n\\","<script src=\"assets.utility2.rollup.js\"></script>\\n\\","<script src=\"jsonp.utility2._stateInit?callback=window.utility2._stateInit\"></script>\\n\\","<script src=\"assets.npmtest_react_redux.rollup.js\"></script>\\n\\","<script src=\"assets.example.js\"></script>\\n\\","<script src=\"assets.test.js\"></script>\\n\\","<!-- utility2-comment\\n\\","{{/if isRollup}}\\n\\","utility2-comment -->\\n\\","<div class=\"utility2FooterDiv\">\\n\\","    [ this app was created with\\n\\","    <a href=\"https://github.com/kaizhu256/node-utility2\" target=\"_blank\">utility2</a>\\n\\","    ]\\n\\","</div>\\n\\","</body>\\n\\","</html>\\n\\","';","        /* jslint-ignore-end */","        if (local.templateRender) {","            local.assetsDict['/'] = local.templateRender(","                local.assetsDict['/assets.index.template.html'],","                {","                    env: local.objectSetDefault(local.env, {","                        npm_package_description: 'the greatest app in the world!',","                        npm_package_name: 'my-app',","                        npm_package_nameAlias: 'my_app',","                        npm_package_version: '0.0.1'","                    })","                }","            );","        } else {","            local.assetsDict['/'] = local.assetsDict['/assets.index.template.html']","                .replace((/\\{\\{env\\.(\\w+?)\\}\\}/g), function (match0, match1) {","                    // jslint-hack","                    String(match0);","                    switch (match1) {","                    case 'npm_package_description':","                        return 'the greatest app in the world!';","                    case 'npm_package_name':","                        return 'my-app';","                    case 'npm_package_nameAlias':","                        return 'my_app';","                    case 'npm_package_version':","                        return '0.0.1';","                    }","                });","        }","        // run the cli","        if (local.global.utility2_rollup || module !== require.main) {","            break;","        }","        local.assetsDict['/assets.example.js'] =","            local.assetsDict['/assets.example.js'] ||","            local.fs.readFileSync(__filename, 'utf8');","        // bug-workaround - long $npm_package_buildCustomOrg","        /* jslint-ignore-begin */","        local.assetsDict['/assets.npmtest_react_redux.rollup.js'] =","            local.assetsDict['/assets.npmtest_react_redux.rollup.js'] ||","            local.fs.readFileSync(","                local.npmtest_react_redux.__dirname + '/lib.npmtest_react_redux.js',","                'utf8'","            ).replace((/^#!/), '//');","        /* jslint-ignore-end */","        local.assetsDict['/favicon.ico'] = local.assetsDict['/favicon.ico'] || '';","        // if $npm_config_timeout_exit exists,","        // then exit this process after $npm_config_timeout_exit ms","        if (Number(process.env.npm_config_timeout_exit)) {","            setTimeout(process.exit, Number(process.env.npm_config_timeout_exit));","        }","        // start server","        if (local.global.utility2_serverHttp1) {","            break;","        }","        process.env.PORT = process.env.PORT || '8081';","        console.error('server starting on port ' + process.env.PORT);","        local.http.createServer(function (request, response) {","            request.urlParsed = local.url.parse(request.url);","            if (local.assetsDict[request.urlParsed.pathname] !== undefined) {","                response.end(local.assetsDict[request.urlParsed.pathname]);","                return;","            }","            response.statusCode = 404;","            response.end();","        }).listen(process.env.PORT);","        break;","    }","}());",""],"l":{"26":2,"28":2,"33":2,"35":2,"37":2,"38":2,"39":2,"44":1,"51":2,"55":2,"59":2,"61":2,"69":1,"70":2,"76":2,"79":2,"82":2,"83":2,"85":1,"89":2,"92":1,"93":1,"94":1,"96":1,"97":1,"100":1,"101":1,"103":1,"106":1,"108":2,"114":1,"116":1,"118":1,"123":1,"124":2,"125":2,"126":3,"127":3,"128":3,"129":3,"130":1,"133":3,"134":3,"139":3,"143":1,"144":3,"145":1,"149":1,"150":1,"158":1,"160":1,"161":1,"162":1,"164":1,"166":1,"258":1,"259":1,"271":1,"274":6,"275":6,"277":1,"279":2,"281":1,"283":2,"288":1,"289":1,"291":1,"296":1,"303":1,"306":1,"307":1,"310":1,"311":1,"313":1,"314":1,"315":1,"316":1,"317":1,"318":1,"319":1,"321":1,"322":1,"324":1}},"/home/travis/build/npmtest/node-npmtest-react-redux/node_modules/react-redux/lib/index.js":{"path":"/home/travis/build/npmtest/node-npmtest-react-redux/node_modules/react-redux/lib/index.js","s":{"1":1,"2":1,"3":1,"4":1,"5":1,"6":1,"7":1,"8":1,"9":1,"10":3,"11":1,"12":1,"13":1},"b":{"1":[3,0],"2":[3,3]},"f":{"1":3},"fnMap":{"1":{"name":"_interopRequireDefault","line":18,"loc":{"start":{"line":18,"column":0},"end":{"line":18,"column":37}}}},"statementMap":{"1":{"start":{"line":3,"column":0},"end":{"line":3,"column":26}},"2":{"start":{"line":4,"column":0},"end":{"line":4,"column":73}},"3":{"start":{"line":6,"column":0},"end":{"line":6,"column":49}},"4":{"start":{"line":8,"column":0},"end":{"line":8,"column":51}},"5":{"start":{"line":10,"column":0},"end":{"line":10,"column":63}},"6":{"start":{"line":12,"column":0},"end":{"line":12,"column":65}},"7":{"start":{"line":14,"column":0},"end":{"line":14,"column":44}},"8":{"start":{"line":16,"column":0},"end":{"line":16,"column":49}},"9":{"start":{"line":18,"column":0},"end":{"line":18,"column":95}},"10":{"start":{"line":18,"column":39},"end":{"line":18,"column":93}},"11":{"start":{"line":20,"column":0},"end":{"line":20,"column":38}},"12":{"start":{"line":21,"column":0},"end":{"line":21,"column":52}},"13":{"start":{"line":22,"column":0},"end":{"line":22,"column":36}}},"branchMap":{"1":{"line":18,"type":"cond-expr","locations":[{"start":{"line":18,"column":70},"end":{"line":18,"column":73}},{"start":{"line":18,"column":76},"end":{"line":18,"column":92}}]},"2":{"line":18,"type":"binary-expr","locations":[{"start":{"line":18,"column":46},"end":{"line":18,"column":49}},{"start":{"line":18,"column":53},"end":{"line":18,"column":67}}]}},"code":["'use strict';","","exports.__esModule = true;","exports.connect = exports.connectAdvanced = exports.Provider = undefined;","","var _Provider = require('./components/Provider');","","var _Provider2 = _interopRequireDefault(_Provider);","","var _connectAdvanced = require('./components/connectAdvanced');","","var _connectAdvanced2 = _interopRequireDefault(_connectAdvanced);","","var _connect = require('./connect/connect');","","var _connect2 = _interopRequireDefault(_connect);","","function _interopRequireDefault(obj) { return obj && obj.__esModule ? obj : { default: obj }; }","","exports.Provider = _Provider2.default;","exports.connectAdvanced = _connectAdvanced2.default;","exports.connect = _connect2.default;"],"l":{"3":1,"4":1,"6":1,"8":1,"10":1,"12":1,"14":1,"16":1,"18":3,"20":1,"21":1,"22":1}},"/home/travis/build/npmtest/node-npmtest-react-redux/node_modules/react-redux/lib/components/Provider.js":{"path":"/home/travis/build/npmtest/node-npmtest-react-redux/node_modules/react-redux/lib/components/Provider.js","s":{"1":1,"2":1,"3":1,"4":1,"5":1,"6":1,"7":1,"8":1,"9":1,"10":2,"11":1,"12":0,"13":0,"14":1,"15":0,"16":0,"17":0,"18":1,"19":1,"20":0,"21":1,"22":1,"23":1,"24":1,"25":1,"26":0,"27":0,"28":0,"29":0,"30":1,"31":1,"32":1,"33":0,"34":1,"35":0,"36":0,"37":0,"38":0,"39":1,"40":0,"41":1,"42":1,"43":1,"44":1,"45":0,"46":0,"47":0,"48":0,"49":1,"50":1,"51":1},"b":{"1":[1,1],"2":[2,2],"3":[0,0],"4":[0,0],"5":[0,0],"6":[0,0,0],"7":[0,1],"8":[1,0],"9":[1,1],"10":[1,0],"11":[1,0],"12":[0,0],"13":[1,0],"14":[0,0]},"f":{"1":2,"2":0,"3":0,"4":1,"5":0,"6":1,"7":0,"8":0,"9":0,"10":0},"fnMap":{"1":{"name":"_interopRequireDefault","line":18,"loc":{"start":{"line":18,"column":0},"end":{"line":18,"column":37}}},"2":{"name":"_classCallCheck","line":20,"loc":{"start":{"line":20,"column":0},"end":{"line":20,"column":48}}},"3":{"name":"_possibleConstructorReturn","line":22,"loc":{"start":{"line":22,"column":0},"end":{"line":22,"column":48}}},"4":{"name":"_inherits","line":24,"loc":{"start":{"line":24,"column":0},"end":{"line":24,"column":41}}},"5":{"name":"warnAboutReceivingStore","line":27,"loc":{"start":{"line":27,"column":0},"end":{"line":27,"column":35}}},"6":{"name":"(anonymous_6)","line":36,"loc":{"start":{"line":36,"column":15},"end":{"line":36,"column":37}}},"7":{"name":"getChildContext","line":39,"loc":{"start":{"line":39,"column":39},"end":{"line":39,"column":66}}},"8":{"name":"Provider","line":43,"loc":{"start":{"line":43,"column":2},"end":{"line":43,"column":36}}},"9":{"name":"render","line":52,"loc":{"start":{"line":52,"column":30},"end":{"line":52,"column":48}}},"10":{"name":"(anonymous_10)","line":63,"loc":{"start":{"line":63,"column":49},"end":{"line":63,"column":70}}}},"statementMap":{"1":{"start":{"line":3,"column":0},"end":{"line":3,"column":26}},"2":{"start":{"line":4,"column":0},"end":{"line":4,"column":28}},"3":{"start":{"line":6,"column":0},"end":{"line":6,"column":30}},"4":{"start":{"line":8,"column":0},"end":{"line":8,"column":39}},"5":{"start":{"line":10,"column":0},"end":{"line":10,"column":53}},"6":{"start":{"line":12,"column":0},"end":{"line":12,"column":47}},"7":{"start":{"line":14,"column":0},"end":{"line":14,"column":43}},"8":{"start":{"line":16,"column":0},"end":{"line":16,"column":49}},"9":{"start":{"line":18,"column":0},"end":{"line":18,"column":95}},"10":{"start":{"line":18,"column":39},"end":{"line":18,"column":93}},"11":{"start":{"line":20,"column":0},"end":{"line":20,"column":153}},"12":{"start":{"line":20,"column":50},"end":{"line":20,"column":151}},"13":{"start":{"line":20,"column":92},"end":{"line":20,"column":149}},"14":{"start":{"line":22,"column":0},"end":{"line":22,"column":240}},"15":{"start":{"line":22,"column":50},"end":{"line":22,"column":151}},"16":{"start":{"line":22,"column":63},"end":{"line":22,"column":149}},"17":{"start":{"line":22,"column":152},"end":{"line":22,"column":238}},"18":{"start":{"line":24,"column":0},"end":{"line":24,"column":494}},"19":{"start":{"line":24,"column":43},"end":{"line":24,"column":208}},"20":{"start":{"line":24,"column":106},"end":{"line":24,"column":206}},"21":{"start":{"line":24,"column":209},"end":{"line":24,"column":373}},"22":{"start":{"line":24,"column":374},"end":{"line":24,"column":492}},"23":{"start":{"line":24,"column":390},"end":{"line":24,"column":492}},"24":{"start":{"line":26,"column":0},"end":{"line":26,"column":39}},"25":{"start":{"line":27,"column":0},"end":{"line":34,"column":1}},"26":{"start":{"line":28,"column":2},"end":{"line":30,"column":3}},"27":{"start":{"line":29,"column":4},"end":{"line":29,"column":11}},"28":{"start":{"line":31,"column":2},"end":{"line":31,"column":36}},"29":{"start":{"line":33,"column":2},"end":{"line":33,"column":346}},"30":{"start":{"line":36,"column":0},"end":{"line":57,"column":20}},"31":{"start":{"line":37,"column":2},"end":{"line":37,"column":34}},"32":{"start":{"line":39,"column":2},"end":{"line":41,"column":4}},"33":{"start":{"line":40,"column":4},"end":{"line":40,"column":58}},"34":{"start":{"line":43,"column":2},"end":{"line":50,"column":3}},"35":{"start":{"line":44,"column":4},"end":{"line":44,"column":36}},"36":{"start":{"line":46,"column":4},"end":{"line":46,"column":88}},"37":{"start":{"line":48,"column":4},"end":{"line":48,"column":30}},"38":{"start":{"line":49,"column":4},"end":{"line":49,"column":17}},"39":{"start":{"line":52,"column":2},"end":{"line":54,"column":4}},"40":{"start":{"line":53,"column":4},"end":{"line":53,"column":53}},"41":{"start":{"line":56,"column":2},"end":{"line":56,"column":18}},"42":{"start":{"line":59,"column":0},"end":{"line":59,"column":27}},"43":{"start":{"line":62,"column":0},"end":{"line":72,"column":1}},"44":{"start":{"line":63,"column":2},"end":{"line":71,"column":4}},"45":{"start":{"line":64,"column":4},"end":{"line":64,"column":27}},"46":{"start":{"line":65,"column":4},"end":{"line":65,"column":36}},"47":{"start":{"line":68,"column":4},"end":{"line":70,"column":5}},"48":{"start":{"line":69,"column":6},"end":{"line":69,"column":32}},"49":{"start":{"line":74,"column":0},"end":{"line":77,"column":2}},"50":{"start":{"line":78,"column":0},"end":{"line":81,"column":2}},"51":{"start":{"line":82,"column":0},"end":{"line":82,"column":34}}},"branchMap":{"1":{"line":18,"type":"cond-expr","locations":[{"start":{"line":18,"column":70},"end":{"line":18,"column":73}},{"start":{"line":18,"column":76},"end":{"line":18,"column":92}}]},"2":{"line":18,"type":"binary-expr","locations":[{"start":{"line":18,"column":46},"end":{"line":18,"column":49}},{"start":{"line":18,"column":53},"end":{"line":18,"column":67}}]},"3":{"line":20,"type":"if","locations":[{"start":{"line":20,"column":50},"end":{"line":20,"column":50}},{"start":{"line":20,"column":50},"end":{"line":20,"column":50}}]},"4":{"line":22,"type":"if","locations":[{"start":{"line":22,"column":50},"end":{"line":22,"column":50}},{"start":{"line":22,"column":50},"end":{"line":22,"column":50}}]},"5":{"line":22,"type":"cond-expr","locations":[{"start":{"line":22,"column":226},"end":{"line":22,"column":230}},{"start":{"line":22,"column":233},"end":{"line":22,"column":237}}]},"6":{"line":22,"type":"binary-expr","locations":[{"start":{"line":22,"column":159},"end":{"line":22,"column":163}},{"start":{"line":22,"column":168},"end":{"line":22,"column":192}},{"start":{"line":22,"column":196},"end":{"line":22,"column":222}}]},"7":{"line":24,"type":"if","locations":[{"start":{"line":24,"column":43},"end":{"line":24,"column":43}},{"start":{"line":24,"column":43},"end":{"line":24,"column":43}}]},"8":{"line":24,"type":"binary-expr","locations":[{"start":{"line":24,"column":47},"end":{"line":24,"column":79}},{"start":{"line":24,"column":83},"end":{"line":24,"column":102}}]},"9":{"line":24,"type":"binary-expr","locations":[{"start":{"line":24,"column":244},"end":{"line":24,"column":254}},{"start":{"line":24,"column":258},"end":{"line":24,"column":278}}]},"10":{"line":24,"type":"if","locations":[{"start":{"line":24,"column":374},"end":{"line":24,"column":374}},{"start":{"line":24,"column":374},"end":{"line":24,"column":374}}]},"11":{"line":24,"type":"cond-expr","locations":[{"start":{"line":24,"column":414},"end":{"line":24,"column":457}},{"start":{"line":24,"column":460},"end":{"line":24,"column":491}}]},"12":{"line":28,"type":"if","locations":[{"start":{"line":28,"column":2},"end":{"line":28,"column":2}},{"start":{"line":28,"column":2},"end":{"line":28,"column":2}}]},"13":{"line":62,"type":"if","locations":[{"start":{"line":62,"column":0},"end":{"line":62,"column":0}},{"start":{"line":62,"column":0},"end":{"line":62,"column":0}}]},"14":{"line":68,"type":"if","locations":[{"start":{"line":68,"column":4},"end":{"line":68,"column":4}},{"start":{"line":68,"column":4},"end":{"line":68,"column":4}}]}},"code":["'use strict';","","exports.__esModule = true;","exports.default = undefined;","","var _react = require('react');","","var _propTypes = require('prop-types');","","var _propTypes2 = _interopRequireDefault(_propTypes);","","var _PropTypes = require('../utils/PropTypes');","","var _warning = require('../utils/warning');","","var _warning2 = _interopRequireDefault(_warning);","","function _interopRequireDefault(obj) { return obj && obj.__esModule ? obj : { default: obj }; }","","function _classCallCheck(instance, Constructor) { if (!(instance instanceof Constructor)) { throw new TypeError(\"Cannot call a class as a function\"); } }","","function _possibleConstructorReturn(self, call) { if (!self) { throw new ReferenceError(\"this hasn't been initialised - super() hasn't been called\"); } return call && (typeof call === \"object\" || typeof call === \"function\") ? call : self; }","","function _inherits(subClass, superClass) { if (typeof superClass !== \"function\" && superClass !== null) { throw new TypeError(\"Super expression must either be null or a function, not \" + typeof superClass); } subClass.prototype = Object.create(superClass && superClass.prototype, { constructor: { value: subClass, enumerable: false, writable: true, configurable: true } }); if (superClass) Object.setPrototypeOf ? Object.setPrototypeOf(subClass, superClass) : subClass.__proto__ = superClass; }","","var didWarnAboutReceivingStore = false;","function warnAboutReceivingStore() {","  if (didWarnAboutReceivingStore) {","    return;","  }","  didWarnAboutReceivingStore = true;","","  (0, _warning2.default)('<Provider> does not support changing `store` on the fly. ' + 'It is most likely that you see this error because you updated to ' + 'Redux 2.x and React Redux 2.x which no longer hot reload reducers ' + 'automatically. See https://github.com/reactjs/react-redux/releases/' + 'tag/v2.0.0 for the migration instructions.');","}","","var Provider = function (_Component) {","  _inherits(Provider, _Component);","","  Provider.prototype.getChildContext = function getChildContext() {","    return { store: this.store, storeSubscription: null };","  };","","  function Provider(props, context) {","    _classCallCheck(this, Provider);","","    var _this = _possibleConstructorReturn(this, _Component.call(this, props, context));","","    _this.store = props.store;","    return _this;","  }","","  Provider.prototype.render = function render() {","    return _react.Children.only(this.props.children);","  };","","  return Provider;","}(_react.Component);","","exports.default = Provider;","","","if (process.env.NODE_ENV !== 'production') {","  Provider.prototype.componentWillReceiveProps = function (nextProps) {","    var store = this.store;","    var nextStore = nextProps.store;","","","    if (store !== nextStore) {","      warnAboutReceivingStore();","    }","  };","}","","Provider.propTypes = {","  store: _PropTypes.storeShape.isRequired,","  children: _propTypes2.default.element.isRequired","};","Provider.childContextTypes = {","  store: _PropTypes.storeShape.isRequired,","  storeSubscription: _PropTypes.subscriptionShape","};","Provider.displayName = 'Provider';"],"l":{"3":1,"4":1,"6":1,"8":1,"10":1,"12":1,"14":1,"16":1,"18":2,"20":1,"22":1,"24":1,"26":1,"27":1,"28":0,"29":0,"31":0,"33":0,"36":1,"37":1,"39":1,"40":0,"43":1,"44":0,"46":0,"48":0,"49":0,"52":1,"53":0,"56":1,"59":1,"62":1,"63":1,"64":0,"65":0,"68":0,"69":0,"74":1,"78":1,"82":1}},"/home/travis/build/npmtest/node-npmtest-react-redux/node_modules/react-redux/lib/utils/PropTypes.js":{"path":"/home/travis/build/npmtest/node-npmtest-react-redux/node_modules/react-redux/lib/utils/PropTypes.js","s":{"1":1,"2":1,"3":1,"4":1,"5":1,"6":1,"7":1,"8":1},"b":{"1":[0,1],"2":[1,1]},"f":{"1":1},"fnMap":{"1":{"name":"_interopRequireDefault","line":10,"loc":{"start":{"line":10,"column":0},"end":{"line":10,"column":37}}}},"statementMap":{"1":{"start":{"line":3,"column":0},"end":{"line":3,"column":26}},"2":{"start":{"line":4,"column":0},"end":{"line":4,"column":59}},"3":{"start":{"line":6,"column":0},"end":{"line":6,"column":39}},"4":{"start":{"line":8,"column":0},"end":{"line":8,"column":53}},"5":{"start":{"line":10,"column":0},"end":{"line":10,"column":95}},"6":{"start":{"line":10,"column":39},"end":{"line":10,"column":93}},"7":{"start":{"line":12,"column":0},"end":{"line":17,"column":3}},"8":{"start":{"line":19,"column":0},"end":{"line":23,"column":3}}},"branchMap":{"1":{"line":10,"type":"cond-expr","locations":[{"start":{"line":10,"column":70},"end":{"line":10,"column":73}},{"start":{"line":10,"column":76},"end":{"line":10,"column":92}}]},"2":{"line":10,"type":"binary-expr","locations":[{"start":{"line":10,"column":46},"end":{"line":10,"column":49}},{"start":{"line":10,"column":53},"end":{"line":10,"column":67}}]}},"code":["'use strict';","","exports.__esModule = true;","exports.storeShape = exports.subscriptionShape = undefined;","","var _propTypes = require('prop-types');","","var _propTypes2 = _interopRequireDefault(_propTypes);","","function _interopRequireDefault(obj) { return obj && obj.__esModule ? obj : { default: obj }; }","","var subscriptionShape = exports.subscriptionShape = _propTypes2.default.shape({","  trySubscribe: _propTypes2.default.func.isRequired,","  tryUnsubscribe: _propTypes2.default.func.isRequired,","  notifyNestedSubs: _propTypes2.default.func.isRequired,","  isSubscribed: _propTypes2.default.func.isRequired","});","","var storeShape = exports.storeShape = _propTypes2.default.shape({","  subscribe: _propTypes2.default.func.isRequired,","  dispatch: _propTypes2.default.func.isRequired,","  getState: _propTypes2.default.func.isRequired","});"],"l":{"3":1,"4":1,"6":1,"8":1,"10":1,"12":1,"19":1}},"/home/travis/build/npmtest/node-npmtest-react-redux/node_modules/react-redux/lib/utils/warning.js":{"path":"/home/travis/build/npmtest/node-npmtest-react-redux/node_modules/react-redux/lib/utils/warning.js","s":{"1":1,"2":1,"3":1,"4":0,"5":0,"6":0,"7":0},"b":{"1":[0,0],"2":[0,0]},"f":{"1":0},"fnMap":{"1":{"name":"warning","line":11,"loc":{"start":{"line":11,"column":0},"end":{"line":11,"column":26}}}},"statementMap":{"1":{"start":{"line":3,"column":0},"end":{"line":3,"column":26}},"2":{"start":{"line":4,"column":0},"end":{"line":4,"column":26}},"3":{"start":{"line":11,"column":0},"end":{"line":25,"column":1}},"4":{"start":{"line":13,"column":2},"end":{"line":15,"column":3}},"5":{"start":{"line":14,"column":4},"end":{"line":14,"column":27}},"6":{"start":{"line":17,"column":2},"end":{"line":23,"column":16}},"7":{"start":{"line":21,"column":4},"end":{"line":21,"column":29}}},"branchMap":{"1":{"line":13,"type":"if","locations":[{"start":{"line":13,"column":2},"end":{"line":13,"column":2}},{"start":{"line":13,"column":2},"end":{"line":13,"column":2}}]},"2":{"line":13,"type":"binary-expr","locations":[{"start":{"line":13,"column":6},"end":{"line":13,"column":36}},{"start":{"line":13,"column":40},"end":{"line":13,"column":75}}]}},"code":["'use strict';","","exports.__esModule = true;","exports.default = warning;","/**"," * Prints a warning in the console if it exists."," *"," * @param {String} message The warning message."," * @returns {void}"," */","function warning(message) {","  /* eslint-disable no-console */","  if (typeof console !== 'undefined' && typeof console.error === 'function') {","    console.error(message);","  }","  /* eslint-enable no-console */","  try {","    // This error was thrown as a convenience so that if you enable","    // \"break on all exceptions\" in your console,","    // it would pause the execution at this line.","    throw new Error(message);","    /* eslint-disable no-empty */","  } catch (e) {}","  /* eslint-enable no-empty */","}"],"l":{"3":1,"4":1,"11":1,"13":0,"14":0,"17":0,"21":0}},"/home/travis/build/npmtest/node-npmtest-react-redux/node_modules/react-redux/lib/components/connectAdvanced.js":{"path":"/home/travis/build/npmtest/node-npmtest-react-redux/node_modules/react-redux/lib/components/connectAdvanced.js","s":{"1":1,"2":1,"3":0,"4":0,"5":0,"6":0,"7":0,"8":0,"9":1,"10":1,"11":1,"12":1,"13":1,"14":1,"15":1,"16":1,"17":1,"18":1,"19":3,"20":1,"21":0,"22":0,"23":1,"24":0,"25":0,"26":0,"27":1,"28":0,"29":0,"30":0,"31":0,"32":0,"33":1,"34":0,"35":0,"36":0,"37":0,"38":0,"39":0,"40":0,"41":0,"42":1,"43":1,"44":1,"45":1,"46":0,"47":0,"48":0,"49":0,"50":0,"51":0,"52":0,"53":0,"54":0,"55":0,"56":1,"57":0,"58":0,"59":0,"60":0,"61":0,"62":0,"63":0,"64":0,"65":0,"66":0,"67":0,"68":0,"69":0,"70":0,"71":1,"72":0,"73":0,"74":0,"75":0,"76":0,"77":0,"78":0,"79":0,"80":0,"81":0,"82":0,"83":0,"84":0,"85":0,"86":0,"87":0,"88":0,"89":0,"90":0,"91":0,"92":0,"93":0,"94":0,"95":0,"96":0,"97":0,"98":0,"99":0,"100":0,"101":0,"102":0,"103":0,"104":0,"105":0,"106":0,"107":0,"108":0,"109":0,"110":0,"111":0,"112":0,"113":0,"114":0,"115":0,"116":0,"117":0,"118":0,"119":0,"120":0,"121":0,"122":0,"123":0,"124":0,"125":0,"126":0,"127":0,"128":0,"129":0,"130":0,"131":0,"132":0,"133":0,"134":0,"135":0,"136":0,"137":0,"138":0,"139":0,"140":0,"141":0,"142":0,"143":0,"144":0,"145":0,"146":0,"147":0,"148":0,"149":0,"150":0,"151":0,"152":0,"153":0,"154":0,"155":0,"156":0,"157":0,"158":0,"159":0,"160":0,"161":0,"162":0,"163":0,"164":0,"165":0,"166":0},"b":{"1":[1,0],"2":[0,0],"3":[1,2],"4":[3,3],"5":[0,0],"6":[0,0],"7":[0,0],"8":[0,0,0],"9":[0,0],"10":[0,0],"11":[0,0],"12":[0,0],"13":[0,0],"14":[0,0],"15":[0,0],"16":[0,0],"17":[0,0],"18":[0,0],"19":[0,0],"20":[0,0],"21":[0,0],"22":[0,0],"23":[0,0],"24":[0,0],"25":[0,0],"26":[0,0,0],"27":[0,0],"28":[0,0],"29":[0,0],"30":[0,0],"31":[0,0],"32":[0,0],"33":[0,0],"34":[0,0],"35":[0,0],"36":[0,0],"37":[0,0],"38":[0,0,0],"39":[0,0],"40":[0,0],"41":[0,0],"42":[0,0],"43":[0,0],"44":[0,0],"45":[0,0],"46":[0,0],"47":[0,0],"48":[0,0]},"f":{"1":0,"2":3,"3":0,"4":0,"5":0,"6":0,"7":0,"8":0,"9":0,"10":0,"11":0,"12":0,"13":0,"14":0,"15":0,"16":0,"17":0,"18":0,"19":0,"20":0,"21":0,"22":0,"23":0,"24":0,"25":0,"26":0,"27":0,"28":0,"29":0},"fnMap":{"1":{"name":"(anonymous_1)","line":5,"loc":{"start":{"line":5,"column":32},"end":{"line":5,"column":50}}},"2":{"name":"_interopRequireDefault","line":25,"loc":{"start":{"line":25,"column":0},"end":{"line":25,"column":37}}},"3":{"name":"_classCallCheck","line":27,"loc":{"start":{"line":27,"column":0},"end":{"line":27,"column":48}}},"4":{"name":"_possibleConstructorReturn","line":29,"loc":{"start":{"line":29,"column":0},"end":{"line":29,"column":48}}},"5":{"name":"_inherits","line":31,"loc":{"start":{"line":31,"column":0},"end":{"line":31,"column":41}}},"6":{"name":"_objectWithoutProperties","line":33,"loc":{"start":{"line":33,"column":0},"end":{"line":33,"column":45}}},"7":{"name":"noop","line":37,"loc":{"start":{"line":37,"column":0},"end":{"line":37,"column":16}}},"8":{"name":"makeSelectorStateful","line":38,"loc":{"start":{"line":38,"column":0},"end":{"line":38,"column":53}}},"9":{"name":"runComponentSelector","line":41,"loc":{"start":{"line":41,"column":9},"end":{"line":41,"column":46}}},"10":{"name":"connectAdvanced","line":59,"loc":{"start":{"line":59,"column":0},"end":{"line":74,"column":17}}},"11":{"name":"(anonymous_11)","line":79,"loc":{"start":{"line":79,"column":59},"end":{"line":79,"column":75}}},"12":{"name":"wrapWithConnect","line":100,"loc":{"start":{"line":100,"column":9},"end":{"line":100,"column":52}}},"13":{"name":"(anonymous_13)","line":119,"loc":{"start":{"line":119,"column":18},"end":{"line":119,"column":40}}},"14":{"name":"Connect","line":122,"loc":{"start":{"line":122,"column":6},"end":{"line":122,"column":39}}},"15":{"name":"getChildContext","line":141,"loc":{"start":{"line":141,"column":42},"end":{"line":141,"column":69}}},"16":{"name":"componentDidMount","line":152,"loc":{"start":{"line":152,"column":44},"end":{"line":152,"column":73}}},"17":{"name":"componentWillReceiveProps","line":166,"loc":{"start":{"line":166,"column":52},"end":{"line":166,"column":98}}},"18":{"name":"shouldComponentUpdate","line":170,"loc":{"start":{"line":170,"column":48},"end":{"line":170,"column":81}}},"19":{"name":"componentWillUnmount","line":174,"loc":{"start":{"line":174,"column":47},"end":{"line":174,"column":79}}},"20":{"name":"getWrappedInstance","line":183,"loc":{"start":{"line":183,"column":45},"end":{"line":183,"column":75}}},"21":{"name":"setWrappedInstance","line":188,"loc":{"start":{"line":188,"column":45},"end":{"line":188,"column":78}}},"22":{"name":"initSelector","line":192,"loc":{"start":{"line":192,"column":39},"end":{"line":192,"column":63}}},"23":{"name":"initSubscription","line":198,"loc":{"start":{"line":198,"column":43},"end":{"line":198,"column":71}}},"24":{"name":"onStateChange","line":215,"loc":{"start":{"line":215,"column":40},"end":{"line":215,"column":65}}},"25":{"name":"notifyNestedSubsOnComponentDidUpdate","line":226,"loc":{"start":{"line":226,"column":63},"end":{"line":226,"column":111}}},"26":{"name":"isSubscribed","line":236,"loc":{"start":{"line":236,"column":39},"end":{"line":236,"column":63}}},"27":{"name":"addExtraProps","line":240,"loc":{"start":{"line":240,"column":40},"end":{"line":240,"column":70}}},"28":{"name":"render","line":253,"loc":{"start":{"line":253,"column":33},"end":{"line":253,"column":51}}},"29":{"name":"componentWillUpdate","line":274,"loc":{"start":{"line":274,"column":46},"end":{"line":274,"column":77}}}},"statementMap":{"1":{"start":{"line":3,"column":0},"end":{"line":3,"column":26}},"2":{"start":{"line":5,"column":0},"end":{"line":5,"column":257}},"3":{"start":{"line":5,"column":52},"end":{"line":5,"column":239}},"4":{"start":{"line":5,"column":97},"end":{"line":5,"column":123}},"5":{"start":{"line":5,"column":124},"end":{"line":5,"column":237}},"6":{"start":{"line":5,"column":150},"end":{"line":5,"column":235}},"7":{"start":{"line":5,"column":207},"end":{"line":5,"column":233}},"8":{"start":{"line":5,"column":240},"end":{"line":5,"column":254}},"9":{"start":{"line":7,"column":0},"end":{"line":7,"column":34}},"10":{"start":{"line":9,"column":0},"end":{"line":9,"column":63}},"11":{"start":{"line":11,"column":0},"end":{"line":11,"column":75}},"12":{"start":{"line":13,"column":0},"end":{"line":13,"column":38}},"13":{"start":{"line":15,"column":0},"end":{"line":15,"column":53}},"14":{"start":{"line":17,"column":0},"end":{"line":17,"column":30}},"15":{"start":{"line":19,"column":0},"end":{"line":19,"column":53}},"16":{"start":{"line":21,"column":0},"end":{"line":21,"column":59}},"17":{"start":{"line":23,"column":0},"end":{"line":23,"column":47}},"18":{"start":{"line":25,"column":0},"end":{"line":25,"column":95}},"19":{"start":{"line":25,"column":39},"end":{"line":25,"column":93}},"20":{"start":{"line":27,"column":0},"end":{"line":27,"column":153}},"21":{"start":{"line":27,"column":50},"end":{"line":27,"column":151}},"22":{"start":{"line":27,"column":92},"end":{"line":27,"column":149}},"23":{"start":{"line":29,"column":0},"end":{"line":29,"column":240}},"24":{"start":{"line":29,"column":50},"end":{"line":29,"column":151}},"25":{"start":{"line":29,"column":63},"end":{"line":29,"column":149}},"26":{"start":{"line":29,"column":152},"end":{"line":29,"column":238}},"27":{"start":{"line":31,"column":0},"end":{"line":31,"column":494}},"28":{"start":{"line":31,"column":43},"end":{"line":31,"column":208}},"29":{"start":{"line":31,"column":106},"end":{"line":31,"column":206}},"30":{"start":{"line":31,"column":209},"end":{"line":31,"column":373}},"31":{"start":{"line":31,"column":374},"end":{"line":31,"column":492}},"32":{"start":{"line":31,"column":390},"end":{"line":31,"column":492}},"33":{"start":{"line":33,"column":0},"end":{"line":33,"column":220}},"34":{"start":{"line":33,"column":47},"end":{"line":33,"column":63}},"35":{"start":{"line":33,"column":64},"end":{"line":33,"column":203}},"36":{"start":{"line":33,"column":85},"end":{"line":33,"column":120}},"37":{"start":{"line":33,"column":111},"end":{"line":33,"column":120}},"38":{"start":{"line":33,"column":121},"end":{"line":33,"column":181}},"39":{"start":{"line":33,"column":172},"end":{"line":33,"column":181}},"40":{"start":{"line":33,"column":182},"end":{"line":33,"column":201}},"41":{"start":{"line":33,"column":204},"end":{"line":33,"column":218}},"42":{"start":{"line":35,"column":0},"end":{"line":35,"column":28}},"43":{"start":{"line":36,"column":0},"end":{"line":36,"column":20}},"44":{"start":{"line":37,"column":0},"end":{"line":37,"column":18}},"45":{"start":{"line":38,"column":0},"end":{"line":57,"column":1}},"46":{"start":{"line":40,"column":2},"end":{"line":54,"column":4}},"47":{"start":{"line":42,"column":6},"end":{"line":52,"column":7}},"48":{"start":{"line":43,"column":8},"end":{"line":43,"column":64}},"49":{"start":{"line":44,"column":8},"end":{"line":48,"column":9}},"50":{"start":{"line":45,"column":10},"end":{"line":45,"column":48}},"51":{"start":{"line":46,"column":10},"end":{"line":46,"column":37}},"52":{"start":{"line":47,"column":10},"end":{"line":47,"column":32}},"53":{"start":{"line":50,"column":8},"end":{"line":50,"column":46}},"54":{"start":{"line":51,"column":8},"end":{"line":51,"column":31}},"55":{"start":{"line":56,"column":2},"end":{"line":56,"column":18}},"56":{"start":{"line":59,"column":0},"end":{"line":289,"column":1}},"57":{"start":{"line":75,"column":2},"end":{"line":75,"column":40}},"58":{"start":{"line":77,"column":2},"end":{"line":92,"column":158}},"59":{"start":{"line":80,"column":4},"end":{"line":80,"column":43}},"60":{"start":{"line":94,"column":2},"end":{"line":94,"column":50}},"61":{"start":{"line":95,"column":2},"end":{"line":95,"column":38}},"62":{"start":{"line":97,"column":2},"end":{"line":97,"column":169}},"63":{"start":{"line":98,"column":2},"end":{"line":98,"column":140}},"64":{"start":{"line":100,"column":2},"end":{"line":288,"column":4}},"65":{"start":{"line":101,"column":4},"end":{"line":101,"column":194}},"66":{"start":{"line":103,"column":4},"end":{"line":103,"column":100}},"67":{"start":{"line":105,"column":4},"end":{"line":105,"column":59}},"68":{"start":{"line":107,"column":4},"end":{"line":117,"column":7}},"69":{"start":{"line":119,"column":4},"end":{"line":265,"column":24}},"70":{"start":{"line":120,"column":6},"end":{"line":120,"column":37}},"71":{"start":{"line":122,"column":6},"end":{"line":139,"column":7}},"72":{"start":{"line":123,"column":8},"end":{"line":123,"column":39}},"73":{"start":{"line":125,"column":8},"end":{"line":125,"column":92}},"74":{"start":{"line":127,"column":8},"end":{"line":127,"column":32}},"75":{"start":{"line":128,"column":8},"end":{"line":128,"column":25}},"76":{"start":{"line":129,"column":8},"end":{"line":129,"column":30}},"77":{"start":{"line":130,"column":8},"end":{"line":130,"column":59}},"78":{"start":{"line":131,"column":8},"end":{"line":131,"column":51}},"79":{"start":{"line":132,"column":8},"end":{"line":132,"column":72}},"80":{"start":{"line":134,"column":8},"end":{"line":134,"column":276}},"81":{"start":{"line":136,"column":8},"end":{"line":136,"column":29}},"82":{"start":{"line":137,"column":8},"end":{"line":137,"column":33}},"83":{"start":{"line":138,"column":8},"end":{"line":138,"column":21}},"84":{"start":{"line":141,"column":6},"end":{"line":150,"column":8}},"85":{"start":{"line":142,"column":8},"end":{"line":142,"column":18}},"86":{"start":{"line":148,"column":8},"end":{"line":148,"column":69}},"87":{"start":{"line":149,"column":8},"end":{"line":149,"column":105}},"88":{"start":{"line":152,"column":6},"end":{"line":164,"column":8}},"89":{"start":{"line":153,"column":8},"end":{"line":153,"column":46}},"90":{
[...]
0":0,"11":0,"12":0},"fnMap":{"1":{"name":"_interopRequireDefault","line":12,"loc":{"start":{"line":12,"column":0},"end":{"line":12,"column":37}}},"2":{"name":"_objectWithoutProperties","line":14,"loc":{"start":{"line":14,"column":0},"end":{"line":14,"column":45}}},"3":{"name":"impureFinalPropsSelectorFactory","line":16,"loc":{"start":{"line":16,"column":0},"end":{"line":16,"column":100}}},"4":{"name":"impureFinalPropsSelector","line":17,"loc":{"start":{"line":17,"column":9},"end":{"line":17,"column":60}}},"5":{"name":"pureFinalPropsSelectorFactory","line":22,"loc":{"start":{"line":22,"column":0},"end":{"line":22,"column":104}}},"6":{"name":"handleFirstCall","line":34,"loc":{"start":{"line":34,"column":2},"end":{"line":34,"column":54}}},"7":{"name":"handleNewPropsAndNewState","line":44,"loc":{"start":{"line":44,"column":2},"end":{"line":44,"column":39}}},"8":{"name":"handleNewProps","line":53,"loc":{"start":{"line":53,"column":2},"end":{"line":53,"column":28}}},"9":{"name":"handleNewState","line":62,"loc":{"start":{"line":62,"column":2},"end":{"line":62,"column":28}}},"10":{"name":"handleSubsequentCalls","line":72,"loc":{"start":{"line":72,"column":2},"end":{"line":72,"column":58}}},"11":{"name":"pureFinalPropsSelector","line":84,"loc":{"start":{"line":84,"column":9},"end":{"line":84,"column":66}}},"12":{"name":"finalPropsSelectorFactory","line":96,"loc":{"start":{"line":96,"column":0},"end":{"line":96,"column":52}}}},"statementMap":{"1":{"start":{"line":3,"column":0},"end":{"line":3,"column":26}},"2":{"start":{"line":4,"column":0},"end":{"line":4,"column":74}},"3":{"start":{"line":5,"column":0},"end":{"line":5,"column":70}},"4":{"start":{"line":6,"column":0},"end":{"line":6,"column":44}},"5":{"start":{"line":8,"column":0},"end":{"line":8,"column":58}},"6":{"start":{"line":10,"column":0},"end":{"line":10,"column":71}},"7":{"start":{"line":12,"column":0},"end":{"line":12,"column":95}},"8":{"start":{"line":12,"column":39},"end":{"line":12,"column":93}},"9":{"start":{"line":14,"column":0},"end":{"line":14,"column":220}},"10":{"start":{"line":14,"column":47},"end":{"line":14,"column":63}},"11":{"start":{"line":14,"column":64},"end":{"line":14,"column":203}},"12":{"start":{"line":14,"column":85},"end":{"line":14,"column":120}},"13":{"start":{"line":14,"column":111},"end":{"line":14,"column":120}},"14":{"start":{"line":14,"column":121},"end":{"line":14,"column":181}},"15":{"start":{"line":14,"column":172},"end":{"line":14,"column":181}},"16":{"start":{"line":14,"column":182},"end":{"line":14,"column":201}},"17":{"start":{"line":14,"column":204},"end":{"line":14,"column":218}},"18":{"start":{"line":16,"column":0},"end":{"line":20,"column":1}},"19":{"start":{"line":17,"column":2},"end":{"line":19,"column":4}},"20":{"start":{"line":18,"column":4},"end":{"line":18,"column":106}},"21":{"start":{"line":22,"column":0},"end":{"line":87,"column":1}},"22":{"start":{"line":23,"column":2},"end":{"line":25,"column":51}},"23":{"start":{"line":27,"column":2},"end":{"line":27,"column":32}},"24":{"start":{"line":28,"column":2},"end":{"line":28,"column":21}},"25":{"start":{"line":29,"column":2},"end":{"line":29,"column":24}},"26":{"start":{"line":30,"column":2},"end":{"line":30,"column":26}},"27":{"start":{"line":31,"column":2},"end":{"line":31,"column":29}},"28":{"start":{"line":32,"column":2},"end":{"line":32,"column":27}},"29":{"start":{"line":34,"column":2},"end":{"line":42,"column":3}},"30":{"start":{"line":35,"column":4},"end":{"line":35,"column":23}},"31":{"start":{"line":36,"column":4},"end":{"line":36,"column":29}},"32":{"start":{"line":37,"column":4},"end":{"line":37,"column":50}},"33":{"start":{"line":38,"column":4},"end":{"line":38,"column":59}},"34":{"start":{"line":39,"column":4},"end":{"line":39,"column":66}},"35":{"start":{"line":40,"column":4},"end":{"line":40,"column":29}},"36":{"start":{"line":41,"column":4},"end":{"line":41,"column":23}},"37":{"start":{"line":44,"column":2},"end":{"line":51,"column":3}},"38":{"start":{"line":45,"column":4},"end":{"line":45,"column":50}},"39":{"start":{"line":47,"column":4},"end":{"line":47,"column":101}},"40":{"start":{"line":47,"column":46},"end":{"line":47,"column":101}},"41":{"start":{"line":49,"column":4},"end":{"line":49,"column":66}},"42":{"start":{"line":50,"column":4},"end":{"line":50,"column":23}},"43":{"start":{"line":53,"column":2},"end":{"line":60,"column":3}},"44":{"start":{"line":54,"column":4},"end":{"line":54,"column":89}},"45":{"start":{"line":54,"column":43},"end":{"line":54,"column":89}},"46":{"start":{"line":56,"column":4},"end":{"line":56,"column":101}},"47":{"start":{"line":56,"column":46},"end":{"line":56,"column":101}},"48":{"start":{"line":58,"column":4},"end":{"line":58,"column":66}},"49":{"start":{"line":59,"column":4},"end":{"line":59,"column":23}},"50":{"start":{"line":62,"column":2},"end":{"line":70,"column":3}},"51":{"start":{"line":63,"column":4},"end":{"line":63,"column":58}},"52":{"start":{"line":64,"column":4},"end":{"line":64,"column":76}},"53":{"start":{"line":65,"column":4},"end":{"line":65,"column":32}},"54":{"start":{"line":67,"column":4},"end":{"line":67,"column":89}},"55":{"start":{"line":67,"column":27},"end":{"line":67,"column":89}},"56":{"start":{"line":69,"column":4},"end":{"line":69,"column":23}},"57":{"start":{"line":72,"column":2},"end":{"line":82,"column":3}},"58":{"start":{"line":73,"column":4},"end":{"line":73,"column":65}},"59":{"start":{"line":74,"column":4},"end":{"line":74,"column":57}},"60":{"start":{"line":75,"column":4},"end":{"line":75,"column":22}},"61":{"start":{"line":76,"column":4},"end":{"line":76,"column":28}},"62":{"start":{"line":78,"column":4},"end":{"line":78,"column":73}},"63":{"start":{"line":78,"column":38},"end":{"line":78,"column":73}},"64":{"start":{"line":79,"column":4},"end":{"line":79,"column":46}},"65":{"start":{"line":79,"column":22},"end":{"line":79,"column":46}},"66":{"start":{"line":80,"column":4},"end":{"line":80,"column":46}},"67":{"start":{"line":80,"column":22},"end":{"line":80,"column":46}},"68":{"start":{"line":81,"column":4},"end":{"line":81,"column":23}},"69":{"start":{"line":84,"column":2},"end":{"line":86,"column":4}},"70":{"start":{"line":85,"column":4},"end":{"line":85,"column":121}},"71":{"start":{"line":96,"column":0},"end":{"line":113,"column":1}},"72":{"start":{"line":97,"column":2},"end":{"line":100,"column":117}},"73":{"start":{"line":102,"column":2},"end":{"line":102,"column":63}},"74":{"start":{"line":103,"column":2},"end":{"line":103,"column":69}},"75":{"start":{"line":104,"column":2},"end":{"line":104,"column":53}},"76":{"start":{"line":106,"column":2},"end":{"line":108,"column":3}},"77":{"start":{"line":107,"column":4},"end":{"line":107,"column":108}},"78":{"start":{"line":110,"column":2},"end":{"line":110,"column":103}},"79":{"start":{"line":112,"column":2},"end":{"line":112,"column":93}}},"branchMap":{"1":{"line":12,"type":"cond-expr","locations":[{"start":{"line":12,"column":70},"end":{"line":12,"column":73}},{"start":{"line":12,"column":76},"end":{"line":12,"column":92}}]},"2":{"line":12,"type":"binary-expr","locations":[{"start":{"line":12,"column":46},"end":{"line":12,"column":49}},{"start":{"line":12,"column":53},"end":{"line":12,"column":67}}]},"3":{"line":14,"type":"if","locations":[{"start":{"line":14,"column":85},"end":{"line":14,"column":85}},{"start":{"line":14,"column":85},"end":{"line":14,"column":85}}]},"4":{"line":14,"type":"if","locations":[{"start":{"line":14,"column":121},"end":{"line":14,"column":121}},{"start":{"line":14,"column":121},"end":{"line":14,"column":121}}]},"5":{"line":47,"type":"if","locations":[{"start":{"line":47,"column":4},"end":{"line":47,"column":4}},{"start":{"line":47,"column":4},"end":{"line":47,"column":4}}]},"6":{"line":54,"type":"if","locations":[{"start":{"line":54,"column":4},"end":{"line":54,"column":4}},{"start":{"line":54,"column":4},"end":{"line":54,"column":4}}]},"7":{"line":56,"type":"if","locations":[{"start":{"line":56,"column":4},"end":{"line":56,"column":4}},{"start":{"line":56,"column":4},"end":{"line":56,"column":4}}]},"8":{"line":67,"type":"if","locations":[{"start":{"line":67,"column":4},"end":{"line":67,"column":4}},{"start":{"line":67,"column":4},"end":{"line":67,"column":4}}]},"9":{"line":78,"type":"if","locations":[{"start":{"line":78,"column":4},"end":{"line":78,"column":4}},{"start":{"line":78,"column":4},"end":{"line":78,"column":4}}]},"10":{"line":78,"type":"binary-expr","locations":[{"start":{"line":78,"column":8},"end":{"line":78,"column":20}},{"start":{"line":78,"column":24},"end":{"line":78,"column":36}}]},"11":{"line":79,"type":"if","locations":[{"start":{"line":79,"column":4},"end":{"line":79,"column":4}},{"start":{"line":79,"column":4},"end":{"line":79,"column":4}}]},"12":{"line":80,"type":"if","locations":[{"start":{"line":80,"column":4},"end":{"line":80,"column":4}},{"start":{"line":80,"column":4},"end":{"line":80,"column":4}}]},"13":{"line":85,"type":"cond-expr","locations":[{"start":{"line":85,"column":31},"end":{"line":85,"column":77}},{"start":{"line":85,"column":80},"end":{"line":85,"column":120}}]},"14":{"line":106,"type":"if","locations":[{"start":{"line":106,"column":2},"end":{"line":106,"column":2}},{"start":{"line":106,"column":2},"end":{"line":106,"column":2}}]},"15":{"line":110,"type":"cond-expr","locations":[{"start":{"line":110,"column":39},"end":{"line":110,"column":68}},{"start":{"line":110,"column":71},"end":{"line":110,"column":102}}]}},"code":["'use strict';","","exports.__esModule = true;","exports.impureFinalPropsSelectorFactory = impureFinalPropsSelectorFactory;","exports.pureFinalPropsSelectorFactory = pureFinalPropsSelectorFactory;","exports.default = finalPropsSelectorFactory;","","var _verifySubselectors = require('./verifySubselectors');","","var _verifySubselectors2 = _interopRequireDefault(_verifySubselectors);","","function _interopRequireDefault(obj) { return obj && obj.__esModule ? obj : { default: obj }; }","","function _objectWithoutProperties(obj, keys) { var target = {}; for (var i in obj) { if (keys.indexOf(i) >= 0) continue; if (!Object.prototype.hasOwnProperty.call(obj, i)) continue; target[i] = obj[i]; } return target; }","","function impureFinalPropsSelectorFactory(mapStateToProps, mapDispatchToProps, mergeProps, dispatch) {","  return function impureFinalPropsSelector(state, ownProps) {","    return mergeProps(mapStateToProps(state, ownProps), mapDispatchToProps(dispatch, ownProps), ownProps);","  };","}","","function pureFinalPropsSelectorFactory(mapStateToProps, mapDispatchToProps, mergeProps, dispatch, _ref) {","  var areStatesEqual = _ref.areStatesEqual,","      areOwnPropsEqual = _ref.areOwnPropsEqual,","      areStatePropsEqual = _ref.areStatePropsEqual;","","  var hasRunAtLeastOnce = false;","  var state = void 0;","  var ownProps = void 0;","  var stateProps = void 0;","  var dispatchProps = void 0;","  var mergedProps = void 0;","","  function handleFirstCall(firstState, firstOwnProps) {","    state = firstState;","    ownProps = firstOwnProps;","    stateProps = mapStateToProps(state, ownProps);","    dispatchProps = mapDispatchToProps(dispatch, ownProps);","    mergedProps = mergeProps(stateProps, dispatchProps, ownProps);","    hasRunAtLeastOnce = true;","    return mergedProps;","  }","","  function handleNewPropsAndNewState() {","    stateProps = mapStateToProps(state, ownProps);","","    if (mapDispatchToProps.dependsOnOwnProps) dispatchProps = mapDispatchToProps(dispatch, ownProps);","","    mergedProps = mergeProps(stateProps, dispatchProps, ownProps);","    return mergedProps;","  }","","  function handleNewProps() {","    if (mapStateToProps.dependsOnOwnProps) stateProps = mapStateToProps(state, ownProps);","","    if (mapDispatchToProps.dependsOnOwnProps) dispatchProps = mapDispatchToProps(dispatch, ownProps);","","    mergedProps = mergeProps(stateProps, dispatchProps, ownProps);","    return mergedProps;","  }","","  function handleNewState() {","    var nextStateProps = mapStateToProps(state, ownProps);","    var statePropsChanged = !areStatePropsEqual(nextStateProps, stateProps);","    stateProps = nextStateProps;","","    if (statePropsChanged) mergedProps = mergeProps(stateProps, dispatchProps, ownProps);","","    return mergedProps;","  }","","  function handleSubsequentCalls(nextState, nextOwnProps) {","    var propsChanged = !areOwnPropsEqual(nextOwnProps, ownProps);","    var stateChanged = !areStatesEqual(nextState, state);","    state = nextState;","    ownProps = nextOwnProps;","","    if (propsChanged && stateChanged) return handleNewPropsAndNewState();","    if (propsChanged) return handleNewProps();","    if (stateChanged) return handleNewState();","    return mergedProps;","  }","","  return function pureFinalPropsSelector(nextState, nextOwnProps) {","    return hasRunAtLeastOnce ? handleSubsequentCalls(nextState, nextOwnProps) : handleFirstCall(nextState, nextOwnProps);","  };","}","","// TODO: Add more comments","","// If pure is true, the selector returned by selectorFactory will memoize its results,","// allowing connectAdvanced's shouldComponentUpdate to return false if final","// props have not changed. If false, the selector will always return a new","// object and shouldComponentUpdate will always return true.","","function finalPropsSelectorFactory(dispatch, _ref2) {","  var initMapStateToProps = _ref2.initMapStateToProps,","      initMapDispatchToProps = _ref2.initMapDispatchToProps,","      initMergeProps = _ref2.initMergeProps,","      options = _objectWithoutProperties(_ref2, ['initMapStateToProps', 'initMapDispatchToProps', 'initMergeProps']);","","  var mapStateToProps = initMapStateToProps(dispatch, options);","  var mapDispatchToProps = initMapDispatchToProps(dispatch, options);","  var mergeProps = initMergeProps(dispatch, options);","","  if (process.env.NODE_ENV !== 'production') {","    (0, _verifySubselectors2.default)(mapStateToProps, mapDispatchToProps, mergeProps, options.displayName);","  }","","  var selectorFactory = options.pure ? pureFinalPropsSelectorFactory : impureFinalPropsSelectorFactory;","","  return selectorFactory(mapStateToProps, mapDispatchToProps, mergeProps, dispatch, options);","}"],"l":{"3":1,"4":1,"5":1,"6":1,"8":1,"10":1,"12":1,"14":1,"16":1,"17":0,"18":0,"22":1,"23":0,"27":0,"28":0,"29":0,"30":0,"31":0,"32":0,"34":1,"35":0,"36":0,"37":0,"38":0,"39":0,"40":0,"41":0,"44":1,"45":0,"47":0,"49":0,"50":0,"53":1,"54":0,"56":0,"58":0,"59":0,"62":1,"63":0,"64":0,"65":0,"67":0,"69":0,"72":1,"73":0,"74":0,"75":0,"76":0,"78":0,"79":0,"80":0,"81":0,"84":0,"85":0,"96":1,"97":0,"102":0,"103":0,"104":0,"106":0,"107":0,"110":0,"112":0}},"/home/travis/build/npmtest/node-npmtest-react-redux/node_modules/react-redux/lib/connect/verifySubselectors.js":{"path":"/home/travis/build/npmtest/node-npmtest-react-redux/node_modules/react-redux/lib/connect/verifySubselectors.js","s":{"1":1,"2":1,"3":1,"4":1,"5":1,"6":1,"7":1,"8":0,"9":0,"10":0,"11":0,"12":0,"13":1,"14":0,"15":0,"16":0},"b":{"1":[1,0],"2":[1,1],"3":[0,0],"4":[0,0],"5":[0,0],"6":[0,0]},"f":{"1":1,"2":0,"3":0},"fnMap":{"1":{"name":"_interopRequireDefault","line":10,"loc":{"start":{"line":10,"column":0},"end":{"line":10,"column":37}}},"2":{"name":"verify","line":12,"loc":{"start":{"line":12,"column":0},"end":{"line":12,"column":51}}},"3":{"name":"verifySubselectors","line":22,"loc":{"start":{"line":22,"column":0},"end":{"line":22,"column":90}}}},"statementMap":{"1":{"start":{"line":3,"column":0},"end":{"line":3,"column":26}},"2":{"start":{"line":4,"column":0},"end":{"line":4,"column":37}},"3":{"start":{"line":6,"column":0},"end":{"line":6,"column":43}},"4":{"start":{"line":8,"column":0},"end":{"line":8,"column":49}},"5":{"start":{"line":10,"column":0},"end":{"line":10,"column":95}},"6":{"start":{"line":10,"column":39},"end":{"line":10,"column":93}},"7":{"start":{"line":12,"column":0},"end":{"line":20,"column":1}},"8":{"start":{"line":13,"column":2},"end":{"line":19,"column":3}},"9":{"start":{"line":14,"column":4},"end":{"line":14,"column":87}},"10":{"start":{"line":15,"column":9},"end":{"line":19,"column":3}},"11":{"start":{"line":16,"column":4},"end":{"line":18,"column":5}},"12":{"start":{"line":17,"column":6},"end":{"line":17,"column":138}},"13":{"start":{"line":22,"column":0},"end":{"line":26,"column":1}},"14":{"start":{"line":23,"column":2},"end":{"line":23,"column":58}},"15":{"start":{"line":24,"column":2},"end":{"line":24,"column":64}},"16":{"start":{"line":25,"column":2},"end":{"line":25,"column":48}}},"branchMap":{"1":{"line":10,"type":"cond-expr","locations":[{"start":{"line":10,"column":70},"end":{"line":10,"column":73}},{"start":{"line":10,"column":76},"end":{"line":10,"column":92}}]},"2":{"line":10,"type":"binary-expr","locations":[{"start":{"line":10,"column":46},"end":{"line":10,"column":49}},{"start":{"line":10,"column":53},"end":{"line":10,"column":67}}]},"3":{"line":13,"type":"if","locations":[{"start":{"line":13,"column":2},"end":{"line":13,"column":2}},{"start":{"line":13,"column":2},"end":{"line":13,"column":2}}]},"4":{"line":15,"type":"if","locations":[{"start":{"line":15,"column":9},"end":{"line":15,"column":9}},{"start":{"line":15,"column":9},"end":{"line":15,"column":9}}]},"5":{"line":15,"type":"binary-expr","locations":[{"start":{"line":15,"column":13},"end":{"line":15,"column":45}},{"start":{"line":15,"column":49},"end":{"line":15,"column":84}}]},"6":{"line":16,"type":"if","locations":[{"start":{"line":16,"column":4},"end":{"line":16,"column":4}},{"start":{"line":16,"column":4},"end":{"line":16,"column":4}}]}},"code":["'use strict';","","exports.__esModule = true;","exports.default = verifySubselectors;","","var _warning = require('../utils/warning');","","var _warning2 = _interopRequireDefault(_warning);","","function _interopRequireDefault(obj) { return obj && obj.__esModule ? obj : { default: obj }; }","","function verify(selector, methodName, displayName) {","  if (!selector) {","    throw new Error('Unexpected value for ' + methodName + ' in ' + displayName + '.');","  } else if (methodName === 'mapStateToProps' || methodName === 'mapDispatchToProps') {","    if (!selector.hasOwnProperty('dependsOnOwnProps')) {","      (0, _warning2.default)('The selector for ' + methodName + ' of ' + displayName + ' did not specify a value for dependsOnOwnProps.');","    }","  }","}","","function verifySubselectors(mapStateToProps, mapDispatchToProps, mergeProps, displayName) {","  verify(mapStateToProps, 'mapStateToProps', displayName);","  verify(mapDispatchToProps, 'mapDispatchToProps', displayName);","  verify(mergeProps, 'mergeProps', displayName);","}"],"l":{"3":1,"4":1,"6":1,"8":1,"10":1,"12":1,"13":0,"14":0,"15":0,"16":0,"17":0,"22":1,"23":0,"24":0,"25":0}},"/home/travis/build/npmtest/node-npmtest-react-redux/node_modules/react-redux/lib/utils/wrapActionCreators.js":{"path":"/home/travis/build/npmtest/node-npmtest-react-redux/node_modules/react-redux/lib/utils/wrapActionCreators.js","s":{"1":1,"2":1,"3":1,"4":1,"5":0,"6":0},"b":{},"f":{"1":0,"2":0},"fnMap":{"1":{"name":"wrapActionCreators","line":8,"loc":{"start":{"line":8,"column":0},"end":{"line":8,"column":44}}},"2":{"name":"(anonymous_2)","line":9,"loc":{"start":{"line":9,"column":9},"end":{"line":9,"column":29}}}},"statementMap":{"1":{"start":{"line":3,"column":0},"end":{"line":3,"column":26}},"2":{"start":{"line":4,"column":0},"end":{"line":4,"column":37}},"3":{"start":{"line":6,"column":0},"end":{"line":6,"column":30}},"4":{"start":{"line":8,"column":0},"end":{"line":12,"column":1}},"5":{"start":{"line":9,"column":2},"end":{"line":11,"column":4}},"6":{"start":{"line":10,"column":4},"end":{"line":10,"column":68}}},"branchMap":{},"code":["'use strict';","","exports.__esModule = true;","exports.default = wrapActionCreators;","","var _redux = require('redux');","","function wrapActionCreators(actionCreators) {","  return function (dispatch) {","    return (0, _redux.bindActionCreators)(actionCreators, dispatch);","  };","}"],"l":{"3":1,"4":1,"6":1,"8":1,"9":0,"10":0}}}